#
# There is insufficient memory for the Java Runtime Environment to continue.
# Native memory allocation (malloc) failed to allocate 1203696 bytes for Chunk::new
# Possible reasons:
#   The system is out of physical RAM or swap space
#   The process is running with CompressedOops enabled, and the Java Heap may be blocking the growth of the native heap
# Possible solutions:
#   Reduce memory load on the system
#   Increase physical memory or swap space
#   Check if swap backing store is full
#   Decrease Java heap size (-Xmx/-Xms)
#   Decrease number of Java threads
#   Decrease Java thread stack sizes (-Xss)
#   Set larger code cache with -XX:ReservedCodeCacheSize=
#   JVM is running with Unscaled Compressed Oops mode in which the Java heap is
#     placed in the first 4GB address space. The Java Heap base address is the
#     maximum limit for the native heap growth. Please use -XX:HeapBaseMinAddress
#     to set the Java Heap base and to place the Java Heap above 4GB virtual address.
# This output file may be truncated or incomplete.
#
#  Out of Memory Error (./open/src/hotspot/share/memory/arena.cpp:197), pid=1676, tid=6928
#
# JRE version: Java(TM) SE Runtime Environment 18.9 (11.0.18+9) (build 11.0.18+9-LTS-195)
# Java VM: Java HotSpot(TM) 64-Bit Server VM 18.9 (11.0.18+9-LTS-195, mixed mode, tiered, compressed oops, g1 gc, windows-amd64)
# No core dump will be written. Minidumps are not enabled by default on client versions of Windows
#

---------------  S U M M A R Y ------------

Command Line: -XX:MaxMetaspaceSize=512m --add-opens=java.base/java.util=ALL-UNNAMED --add-opens=java.base/java.lang=ALL-UNNAMED --add-opens=java.base/java.lang.invoke=ALL-UNNAMED --add-opens=java.base/java.util=ALL-UNNAMED --add-opens=java.prefs/java.util.prefs=ALL-UNNAMED --add-opens=java.prefs/java.util.prefs=ALL-UNNAMED --add-opens=java.base/java.nio.charset=ALL-UNNAMED --add-opens=java.base/java.net=ALL-UNNAMED --add-opens=java.base/java.util.concurrent.atomic=ALL-UNNAMED -Xmx2048m -Dfile.encoding=windows-1252 -Duser.country=US -Duser.language=en -Duser.variant org.gradle.launcher.daemon.bootstrap.GradleDaemon 7.3.3

Host: Intel(R) Core(TM) i5-7300U CPU @ 2.60GHz, 4 cores, 7G,  Windows 10 , 64 bit Build 19041 (10.0.19041.3155)
Time: Sat Oct 14 02:01:59 2023 Pakistan Standard Time elapsed time: 343.144324 seconds (0d 0h 5m 43s)

---------------  T H R E A D  ---------------

Current thread (0x0000025407662800):  JavaThread "C2 CompilerThread1" daemon [_thread_in_native, id=6928, stack(0x000000b9eec00000,0x000000b9eed00000)]


Current CompileTask:
C2: 343144 23487   !   4       java.io.ObjectInputStream::readObject0 (671 bytes)

Stack: [0x000000b9eec00000,0x000000b9eed00000]
Native frames: (J=compiled Java code, j=interpreted, Vv=VM code, C=native code)
V  [jvm.dll+0x65d8aa]
V  [jvm.dll+0x79fc1f]
V  [jvm.dll+0x7a12e9]
V  [jvm.dll+0x7a1983]
V  [jvm.dll+0x2585b5]
V  [jvm.dll+0xb284c]
V  [jvm.dll+0xb2e0c]
V  [jvm.dll+0x365ddf]
V  [jvm.dll+0x1a2232]
V  [jvm.dll+0x2114fd]
V  [jvm.dll+0x210378]
V  [jvm.dll+0x18c641]
V  [jvm.dll+0x220609]
V  [jvm.dll+0x21e92c]
V  [jvm.dll+0x763f61]
V  [jvm.dll+0x75c924]
V  [jvm.dll+0x65c755]
C  [ucrtbase.dll+0x21bb2]
C  [KERNEL32.DLL+0x17614]
C  [ntdll.dll+0x526b1]


---------------  P R O C E S S  ---------------

Threads class SMR info:
_java_thread_list=0x000002541341c660, length=101, elements={
0x0000025466776800, 0x000002547ff28800, 0x000002547ff29800, 0x000002547ff43000,
0x000002547ff44000, 0x0000025404900800, 0x0000025404904800, 0x0000025404907800,
0x0000025404909000, 0x0000025404a6d000, 0x00000254062e7800, 0x0000025405c93800,
0x0000025406415800, 0x0000025404bc4000, 0x0000025405bca800, 0x0000025405bcb000,
0x000002540553c800, 0x00000254051b1800, 0x00000254051b4800, 0x00000254059ba800,
0x00000254059b4800, 0x00000254059bb000, 0x00000254059b8800, 0x00000254059b9800,
0x00000254059b6000, 0x00000254059b5800, 0x00000254059b7000, 0x00000254059b8000,
0x0000025404d6e800, 0x0000025404d6a800, 0x0000025404d6d800, 0x0000025404d68800,
0x0000025404d70000, 0x0000025404d6f000, 0x0000025404d6d000, 0x0000025404d75800,
0x0000025404d73800, 0x0000025404d72800, 0x0000025404d71000, 0x0000025404d75000,
0x0000025404d76800, 0x0000025404d77800, 0x0000025404d74000, 0x000002540920f800,
0x0000025409211800, 0x0000025409213000, 0x0000025409210800, 0x000002540920f000,
0x0000025409212000, 0x000002540920e000, 0x000002540920d800, 0x0000025409214800,
0x0000025409215800, 0x0000025409218800, 0x0000025409216800, 0x0000025409218000,
0x0000025409217000, 0x0000025409214000, 0x0000025409219800, 0x000002540921a800,
0x000002540921b000, 0x000002540921c000, 0x0000025409220800, 0x000002540921f800,
0x000002540921d800, 0x0000025409221800, 0x0000025409222000, 0x0000025409223000,
0x000002540921e000, 0x0000025409224000, 0x0000025409224800, 0x000002540921f000,
0x0000025409228000, 0x0000025409229800, 0x0000025409225800, 0x000002540922c000,
0x0000025409227000, 0x000002540aff0000, 0x000002540aff1000, 0x000002540afeb800,
0x000002540afed000, 0x000002540afef800, 0x000002540afee000, 0x000002540aff2000,
0x000002540afec000, 0x000002540aff2800, 0x000002540aff4800, 0x000002540afee800,
0x000002540aff6800, 0x000002540aff7800, 0x000002540aff3800, 0x000002540aff6000,
0x000002540aff9000, 0x000002540aff8800, 0x000002540aff5000, 0x000002540affa000,
0x000002540922a800, 0x0000025409226800, 0x000002540922b000, 0x0000025409228800,
0x0000025407662800
}

Java Threads: ( => current thread )
  0x0000025466776800 JavaThread "main" [_thread_blocked, id=1308, stack(0x000000b9e9600000,0x000000b9e9700000)]
  0x000002547ff28800 JavaThread "Reference Handler" daemon [_thread_blocked, id=11304, stack(0x000000b9e9e00000,0x000000b9e9f00000)]
  0x000002547ff29800 JavaThread "Finalizer" daemon [_thread_blocked, id=11252, stack(0x000000b9e9f00000,0x000000b9ea000000)]
  0x000002547ff43000 JavaThread "Signal Dispatcher" daemon [_thread_blocked, id=14468, stack(0x000000b9ea000000,0x000000b9ea100000)]
  0x000002547ff44000 JavaThread "Attach Listener" daemon [_thread_blocked, id=19444, stack(0x000000b9ea100000,0x000000b9ea200000)]
  0x0000025404900800 JavaThread "Service Thread" daemon [_thread_blocked, id=10276, stack(0x000000b9ea200000,0x000000b9ea300000)]
  0x0000025404904800 JavaThread "C2 CompilerThread0" daemon [_thread_blocked, id=12808, stack(0x000000b9ea300000,0x000000b9ea400000)]
  0x0000025404907800 JavaThread "C1 CompilerThread0" daemon [_thread_blocked, id=556, stack(0x000000b9ea400000,0x000000b9ea500000)]
  0x0000025404909000 JavaThread "Sweeper thread" daemon [_thread_blocked, id=6924, stack(0x000000b9ea500000,0x000000b9ea600000)]
  0x0000025404a6d000 JavaThread "Common-Cleaner" daemon [_thread_blocked, id=1032, stack(0x000000b9ea600000,0x000000b9ea700000)]
  0x00000254062e7800 JavaThread "Daemon health stats" [_thread_blocked, id=8624, stack(0x000000b9eaa00000,0x000000b9eab00000)]
  0x0000025405c93800 JavaThread "Incoming local TCP Connector on port 65390" [_thread_in_native, id=19760, stack(0x000000b9eab00000,0x000000b9eac00000)]
  0x0000025406415800 JavaThread "Daemon periodic checks" [_thread_blocked, id=1456, stack(0x000000b9eac00000,0x000000b9ead00000)]
  0x0000025404bc4000 JavaThread "Daemon" [_thread_blocked, id=19824, stack(0x000000b9ead00000,0x000000b9eae00000)]
  0x0000025405bca800 JavaThread "Handler for socket connection from /127.0.0.1:65390 to /127.0.0.1:65391" [_thread_in_native, id=8044, stack(0x000000b9eae00000,0x000000b9eaf00000)]
  0x0000025405bcb000 JavaThread "Cancel handler" [_thread_blocked, id=19916, stack(0x000000b9eaf00000,0x000000b9eb000000)]
  0x000002540553c800 JavaThread "Daemon worker" [_thread_in_native, id=19244, stack(0x000000b9eb000000,0x000000b9eb100000)]
  0x00000254051b1800 JavaThread "Asynchronous log dispatcher for DefaultDaemonConnection: socket connection from /127.0.0.1:65390 to /127.0.0.1:65391" [_thread_blocked, id=16012, stack(0x000000b9eb100000,0x000000b9eb200000)]
  0x00000254051b4800 JavaThread "Stdin handler" [_thread_blocked, id=8492, stack(0x000000b9eb200000,0x000000b9eb300000)]
  0x00000254059ba800 JavaThread "Daemon client event forwarder" [_thread_blocked, id=6272, stack(0x000000b9eb300000,0x000000b9eb400000)]
  0x00000254059b4800 JavaThread "Cache worker for journal cache (C:\Users\Administrator\.gradle\caches\journal-1)" [_thread_blocked, id=19584, stack(0x000000b9eb500000,0x000000b9eb600000)]
  0x00000254059bb000 JavaThread "File lock request listener" [_thread_in_native, id=16468, stack(0x000000b9eb600000,0x000000b9eb700000)]
  0x00000254059b8800 JavaThread "Cache worker for file hash cache (C:\Users\Administrator\.gradle\caches\7.3.3\fileHashes)" [_thread_blocked, id=16628, stack(0x000000b9eb700000,0x000000b9eb800000)]
  0x00000254059b9800 JavaThread "Cache worker for file hash cache (E:\have-fun\android\.gradle\7.3.3\fileHashes)" [_thread_blocked, id=9344, stack(0x000000b9eb800000,0x000000b9eb900000)]
  0x00000254059b6000 JavaThread "File watcher server" daemon [_thread_in_native, id=16812, stack(0x000000b9eb900000,0x000000b9eba00000)]
  0x00000254059b5800 JavaThread "File watcher consumer" daemon [_thread_blocked, id=19164, stack(0x000000b9eba00000,0x000000b9ebb00000)]
  0x00000254059b7000 JavaThread "Cache worker for checksums cache (E:\have-fun\android\.gradle\7.3.3\checksums)" [_thread_blocked, id=18300, stack(0x000000b9ebb00000,0x000000b9ebc00000)]
  0x00000254059b8000 JavaThread "Cache worker for cache directory md-supplier (C:\Users\Administrator\.gradle\caches\7.3.3\md-supplier)" [_thread_blocked, id=6564, stack(0x000000b9ebc00000,0x000000b9ebd00000)]
  0x0000025404d6e800 JavaThread "Cache worker for cache directory md-rule (C:\Users\Administrator\.gradle\caches\7.3.3\md-rule)" [_thread_blocked, id=17532, stack(0x000000b9ebd00000,0x000000b9ebe00000)]
  0x0000025404d6a800 JavaThread "Cache worker for execution history cache (C:\Users\Administrator\.gradle\caches\7.3.3\executionHistory)" [_thread_blocked, id=20200, stack(0x000000b9ebe00000,0x000000b9ebf00000)]
  0x0000025404d6d800 JavaThread "jar transforms" [_thread_blocked, id=18312, stack(0x000000b9ec000000,0x000000b9ec100000)]
  0x0000025404d68800 JavaThread "jar transforms Thread 2" [_thread_blocked, id=3332, stack(0x000000b9ec100000,0x000000b9ec200000)]
  0x0000025404d70000 JavaThread "Cache worker for file content cache (C:\Users\Administrator\.gradle\caches\7.3.3\fileContent)" [_thread_blocked, id=15668, stack(0x000000b9ebf00000,0x000000b9ec000000)]
  0x0000025404d6f000 JavaThread "jar transforms Thread 3" [_thread_blocked, id=3620, stack(0x000000b9e9400000,0x000000b9e9500000)]
  0x0000025404d6d000 JavaThread "jar transforms Thread 4" [_thread_blocked, id=17576, stack(0x000000b9ec200000,0x000000b9ec300000)]
  0x0000025404d75800 JavaThread "Cache worker for kotlin-dsl (C:\Users\Administrator\.gradle\caches\7.3.3\kotlin-dsl)" [_thread_blocked, id=12180, stack(0x000000b9e9700000,0x000000b9e9800000)]
  0x0000025404d73800 JavaThread "Cache worker for dependencies-accessors (E:\have-fun\android\.gradle\7.3.3\dependencies-accessors)" [_thread_blocked, id=18440, stack(0x000000b9ec300000,0x000000b9ec400000)]
  0x0000025404d72800 JavaThread "Cache worker for Build Output Cleanup Cache (E:\have-fun\node_modules\react-native-gradle-plugin\.gradle\buildOutputCleanup)" [_thread_blocked, id=16248, stack(0x000000b9ec500000,0x000000b9ec600000)]
  0x0000025404d71000 JavaThread "Unconstrained build operations" [_thread_blocked, id=11688, stack(0x000000b9ec600000,0x000000b9ec700000)]
  0x0000025404d75000 JavaThread "Unconstrained build operations Thread 2" [_thread_blocked, id=18040, stack(0x000000b9ec700000,0x000000b9ec800000)]
  0x0000025404d76800 JavaThread "Unconstrained build operations Thread 3" [_thread_blocked, id=20452, stack(0x000000b9ec800000,0x000000b9ec900000)]
  0x0000025404d77800 JavaThread "Unconstrained build operations Thread 4" [_thread_blocked, id=9052, stack(0x000000b9ec900000,0x000000b9eca00000)]
  0x0000025404d74000 JavaThread "Unconstrained build operations Thread 5" [_thread_blocked, id=5540, stack(0x000000b9eca00000,0x000000b9ecb00000)]
  0x000002540920f800 JavaThread "Unconstrained build operations Thread 6" [_thread_blocked, id=2736, stack(0x000000b9ecb00000,0x000000b9ecc00000)]
  0x0000025409211800 JavaThread "Unconstrained build operations Thread 7" [_thread_blocked, id=3092, stack(0x000000b9ecc00000,0x000000b9ecd00000)]
  0x0000025409213000 JavaThread "Unconstrained build operations Thread 8" [_thread_blocked, id=5048, stack(0x000000b9ecd00000,0x000000b9ece00000)]
  0x0000025409210800 JavaThread "Unconstrained build operations Thread 9" [_thread_blocked, id=11672, stack(0x000000b9ece00000,0x000000b9ecf00000)]
  0x000002540920f000 JavaThread "Unconstrained build operations Thread 10" [_thread_blocked, id=2396, stack(0x000000b9ecf00000,0x000000b9ed000000)]
  0x0000025409212000 JavaThread "Unconstrained build operations Thread 11" [_thread_blocked, id=19312, stack(0x000000b9ed000000,0x000000b9ed100000)]
  0x000002540920e000 JavaThread "Unconstrained build operations Thread 12" [_thread_blocked, id=18568, stack(0x000000b9ed100000,0x000000b9ed200000)]
  0x000002540920d800 JavaThread "Unconstrained build operations Thread 13" [_thread_blocked, id=7452, stack(0x000000b9ed200000,0x000000b9ed300000)]
  0x0000025409214800 JavaThread "Unconstrained build operations Thread 14" [_thread_blocked, id=13076, stack(0x000000b9ed300000,0x000000b9ed400000)]
  0x0000025409215800 JavaThread "Unconstrained build operations Thread 15" [_thread_blocked, id=692, stack(0x000000b9ed400000,0x000000b9ed500000)]
  0x0000025409218800 JavaThread "Unconstrained build operations Thread 16" [_thread_blocked, id=6408, stack(0x000000b9ed500000,0x000000b9ed600000)]
  0x0000025409216800 JavaThread "Unconstrained build operations Thread 17" [_thread_blocked, id=1540, stack(0x000000b9ed600000,0x000000b9ed700000)]
  0x0000025409218000 JavaThread "Unconstrained build operations Thread 18" [_thread_blocked, id=1448, stack(0x000000b9ed700000,0x000000b9ed800000)]
  0x0000025409217000 JavaThread "Unconstrained build operations Thread 19" [_thread_blocked, id=13816, stack(0x000000b9ed800000,0x000000b9ed900000)]
  0x0000025409214000 JavaThread "Unconstrained build operations Thread 20" [_thread_blocked, id=10896, stack(0x000000b9ed900000,0x000000b9eda00000)]
  0x0000025409219800 JavaThread "Unconstrained build operations Thread 21" [_thread_blocked, id=17296, stack(0x000000b9eda00000,0x000000b9edb00000)]
  0x000002540921a800 JavaThread "Unconstrained build operations Thread 22" [_thread_blocked, id=13468, stack(0x000000b9edb00000,0x000000b9edc00000)]
  0x000002540921b000 JavaThread "Unconstrained build operations Thread 23" [_thread_blocked, id=12492, stack(0x000000b9edc00000,0x000000b9edd00000)]
  0x000002540921c000 JavaThread "Unconstrained build operations Thread 24" [_thread_blocked, id=16216, stack(0x000000b9edd00000,0x000000b9ede00000)]
  0x0000025409220800 JavaThread "Unconstrained build operations Thread 25" [_thread_blocked, id=7212, stack(0x000000b9ede00000,0x000000b9edf00000)]
  0x000002540921f800 JavaThread "Unconstrained build operations Thread 26" [_thread_blocked, id=13052, stack(0x000000b9edf00000,0x000000b9ee000000)]
  0x000002540921d800 JavaThread "Unconstrained build operations Thread 27" [_thread_blocked, id=3200, stack(0x000000b9ee000000,0x000000b9ee100000)]
  0x0000025409221800 JavaThread "Unconstrained build operations Thread 28" [_thread_blocked, id=15104, stack(0x000000b9ee100000,0x000000b9ee200000)]
  0x0000025409222000 JavaThread "Unconstrained build operations Thread 29" [_thread_blocked, id=9380, stack(0x000000b9ee200000,0x000000b9ee300000)]
  0x0000025409223000 JavaThread "Unconstrained build operations Thread 30" [_thread_blocked, id=11660, stack(0x000000b9ee300000,0x000000b9ee400000)]
  0x000002540921e000 JavaThread "Unconstrained build operations Thread 31" [_thread_blocked, id=15444, stack(0x000000b9ee400000,0x000000b9ee500000)]
  0x0000025409224000 JavaThread "Unconstrained build operations Thread 32" [_thread_blocked, id=908, stack(0x000000b9ee500000,0x000000b9ee600000)]
  0x0000025409224800 JavaThread "Unconstrained build operations Thread 33" [_thread_blocked, id=12136, stack(0x000000b9ee600000,0x000000b9ee700000)]
  0x000002540921f000 JavaThread "build event listener" [_thread_blocked, id=14500, stack(0x000000b9ee800000,0x000000b9ee900000)]
  0x0000025409228000 JavaThread "Memory manager" [_thread_blocked, id=17544, stack(0x000000b9ee900000,0x000000b9eea00000)]
  0x0000025409229800 JavaThread "Cache worker for Build Output Cleanup Cache (E:\have-fun\android\.gradle\buildOutputCleanup)" [_thread_blocked, id=1524, stack(0x000000b9ee700000,0x000000b9ee800000)]
  0x0000025409225800 JavaThread "Cache worker for execution history cache (E:\have-fun\node_modules\react-native-gradle-plugin\.gradle\7.3.3\executionHistory)" [_thread_blocked, id=17388, stack(0x000000b9eef00000,0x000000b9ef000000)]
  0x000002540922c000 JavaThread "Unconstrained build operations Thread 34" [_thread_blocked, id=17572, stack(0x000000b9ef000000,0x000000b9ef100000)]
  0x0000025409227000 JavaThread "Unconstrained build operations Thread 35" [_thread_blocked, id=11448, stack(0x000000b9ef100000,0x000000b9ef200000)]
  0x000002540aff0000 JavaThread "Unconstrained build operations Thread 36" [_thread_blocked, id=2432, stack(0x000000b9ef200000,0x000000b9ef300000)]
  0x000002540aff1000 JavaThread "Unconstrained build operations Thread 37" [_thread_blocked, id=5452, stack(0x000000b9ef300000,0x000000b9ef400000)]
  0x000002540afeb800 JavaThread "Unconstrained build operations Thread 38" [_thread_blocked, id=19752, stack(0x000000b9ef400000,0x000000b9ef500000)]
  0x000002540afed000 JavaThread "Unconstrained build operations Thread 39" [_thread_blocked, id=14036, stack(0x000000b9ef500000,0x000000b9ef600000)]
  0x000002540afef800 JavaThread "Unconstrained build operations Thread 40" [_thread_blocked, id=15508, stack(0x000000b9ef600000,0x000000b9ef700000)]
  0x000002540afee000 JavaThread "File lock release action executor Thread 2" [_thread_blocked, id=10284, stack(0x000000b9e9500000,0x000000b9e9600000)]
  0x000002540aff2000 JavaThread "build event listener" [_thread_blocked, id=6484, stack(0x000000b9ec400000,0x000000b9ec500000)]
  0x000002540afec000 JavaThread "Execution worker for ':'" [_thread_blocked, id=6696, stack(0x000000b9eee00000,0x000000b9eef00000)]
  0x000002540aff2800 JavaThread "Execution worker for ':' Thread 2" [_thread_blocked, id=19488, stack(0x000000b9ef700000,0x000000b9ef800000)]
  0x000002540aff4800 JavaThread "Execution worker for ':' Thread 3" [_thread_blocked, id=17744, stack(0x000000b9ef800000,0x000000b9ef900000)]
  0x000002540afee800 JavaThread "Cache worker for execution history cache (E:\have-fun\android\.gradle\7.3.3\executionHistory)" [_thread_blocked, id=10332, stack(0x000000b9ef900000,0x000000b9efa00000)]
  0x000002540aff6800 JavaThread "WorkerExecutor Queue Thread 2" [_thread_blocked, id=5872, stack(0x000000b9efc00000,0x000000b9efd00000)]
  0x000002540aff7800 JavaThread "WorkerExecutor Queue Thread 7" [_thread_blocked, id=16860, stack(0x000000b9efb00000,0x000000b9efc00000)]
  0x000002540aff3800 JavaThread "WorkerExecutor Queue Thread 8" [_thread_blocked, id=13300, stack(0x000000b9efd00000,0x000000b9efe00000)]
  0x000002540aff6000 JavaThread "WorkerExecutor Queue Thread 9" [_thread_blocked, id=18828, stack(0x000000b9eff00000,0x000000b9f0000000)]
  0x000002540aff9000 JavaThread "Cache worker for Java compile cache (C:\Users\Administrator\.gradle\caches\7.3.3\javaCompile)" [_thread_blocked, id=17956, stack(0x000000b9f0200000,0x000000b9f0300000)]
  0x000002540aff8800 JavaThread "Build operations" [_thread_blocked, id=14524, stack(0x000000b9eed00000,0x000000b9eee00000)]
  0x000002540aff5000 JavaThread "Build operations Thread 2" [_thread_blocked, id=12188, stack(0x000000b9f0000000,0x000000b9f0100000)]
  0x000002540affa000 JavaThread "Build operations Thread 3" [_thread_blocked, id=15236, stack(0x000000b9f0100000,0x000000b9f0200000)]
  0x000002540922a800 JavaThread "Build operations Thread 4" [_thread_blocked, id=16172, stack(0x000000b9f0300000,0x000000b9f0400000)]
  0x0000025409226800 JavaThread "pool-3-thread-1" [_thread_blocked, id=19612, stack(0x000000b9f0400000,0x000000b9f0500000)]
  0x000002540922b000 JavaThread "stderr" [_thread_in_native, id=6964, stack(0x000000b9f0500000,0x000000b9f0600000)]
  0x0000025409228800 JavaThread "stdout" [_thread_in_native, id=2904, stack(0x000000b9f0600000,0x000000b9f0700000)]
=>0x0000025407662800 JavaThread "C2 CompilerThread1" daemon [_thread_in_native, id=6928, stack(0x000000b9eec00000,0x000000b9eed00000)]

Other Threads:
  0x000002547ff23800 VMThread "VM Thread" [stack: 0x000000b9e9d00000,0x000000b9e9e00000] [id=11820]
  0x0000025404b1a800 WatcherThread [stack: 0x000000b9ea700000,0x000000b9ea800000] [id=2764]
  0x000002546678d000 GCTaskThread "GC Thread#0" [stack: 0x000000b9e9800000,0x000000b9e9900000] [id=10624]
  0x0000025404ffd000 GCTaskThread "GC Thread#1" [stack: 0x000000b9ea800000,0x000000b9ea900000] [id=12996]
  0x0000025404e08800 GCTaskThread "GC Thread#2" [stack: 0x000000b9ea900000,0x000000b9eaa00000] [id=8604]
  0x00000254059db800 GCTaskThread "GC Thread#3" [stack: 0x000000b9eb400000,0x000000b9eb500000] [id=516]
  0x00000254667be000 ConcurrentGCThread "G1 Main Marker" [stack: 0x000000b9e9900000,0x000000b9e9a00000] [id=19288]
  0x00000254667c2000 ConcurrentGCThread "G1 Conc#0" [stack: 0x000000b9e9a00000,0x000000b9e9b00000] [id=7868]
  0x000002547fda0800 ConcurrentGCThread "G1 Refine#0" [stack: 0x000000b9e9b00000,0x000000b9e9c00000] [id=7352]
  0x000002547fda1000 ConcurrentGCThread "G1 Young RemSet Sampling" [stack: 0x000000b9e9c00000,0x000000b9e9d00000] [id=11544]

Threads with active compile tasks:
C2 CompilerThread0   343240 23556       4       sun.nio.ch.FileDispatcherImpl::seek (6 bytes)
C2 CompilerThread1   343240 23487   !   4       java.io.ObjectInputStream::readObject0 (671 bytes)

VM state:not at safepoint (normal execution)

VM Mutex/Monitor currently owned by a thread: None

Heap address: 0x0000000080000000, size: 2048 MB, Compressed Oops mode: 32-bit
Narrow klass base: 0x0000000000000000, Narrow klass shift: 3
Compressed class space size: 528482304 Address: 0x0000000100000000

Heap:
 garbage-first heap   total 328704K, used 283244K [0x0000000080000000, 0x0000000100000000)
  region size 1024K, 3 young (3072K), 2 survivors (2048K)
 Metaspace       used 140446K, capacity 145670K, committed 145920K, reserved 643072K
  class space    used 17662K, capacity 19652K, committed 19712K, reserved 516096K
Heap Regions: E=young(eden), S=young(survivor), O=old, HS=humongous(starts), HC=humongous(continues), CS=collection set, F=free, A=archive, TAMS=top-at-mark-start (previous, next)
|   0|0x0000000080000000, 0x0000000080100000, 0x0000000080100000|100%|HS|  |TAMS 0x0000000080100000, 0x0000000080000000| Complete 
|   1|0x0000000080100000, 0x0000000080200000, 0x0000000080200000|100%|HC|  |TAMS 0x0000000080200000, 0x0000000080100000| Complete 
|   2|0x0000000080200000, 0x0000000080300000, 0x0000000080300000|100%|HC|  |TAMS 0x0000000080300000, 0x0000000080200000| Complete 
|   3|0x0000000080300000, 0x0000000080400000, 0x0000000080400000|100%| O|  |TAMS 0x0000000080400000, 0x0000000080300000| Untracked 
|   4|0x0000000080400000, 0x0000000080500000, 0x0000000080500000|100%| O|  |TAMS 0x0000000080500000, 0x0000000080400000| Untracked 
|   5|0x0000000080500000, 0x0000000080600000, 0x0000000080600000|100%| O|  |TAMS 0x0000000080600000, 0x0000000080500000| Untracked 
|   6|0x0000000080600000, 0x0000000080700000, 0x0000000080700000|100%| O|  |TAMS 0x0000000080700000, 0x0000000080600000| Untracked 
|   7|0x0000000080700000, 0x0000000080800000, 0x0000000080800000|100%| O|  |TAMS 0x0000000080700000, 0x0000000080700000| Untracked 
|   8|0x0000000080800000, 0x0000000080900000, 0x0000000080900000|100%| O|  |TAMS 0x0000000080900000, 0x0000000080800000| Untracked 
|   9|0x0000000080900000, 0x0000000080a00000, 0x0000000080a00000|100%| O|  |TAMS 0x0000000080a00000, 0x0000000080900000| Untracked 
|  10|0x0000000080a00000, 0x0000000080b00000, 0x0000000080b00000|100%| O|  |TAMS 0x0000000080b00000, 0x0000000080a00000| Untracked 
|  11|0x0000000080b00000, 0x0000000080c00000, 0x0000000080c00000|100%| O|  |TAMS 0x0000000080c00000, 0x0000000080b00000| Untracked 
|  12|0x0000000080c00000, 0x0000000080d00000, 0x0000000080d00000|100%| O|  |TAMS 0x0000000080d00000, 0x0000000080c00000| Untracked 
|  13|0x0000000080d00000, 0x0000000080e00000, 0x0000000080e00000|100%| O|  |TAMS 0x0000000080e00000, 0x0000000080d00000| Untracked 
|  14|0x0000000080e00000, 0x0000000080f00000, 0x0000000080f00000|100%| O|  |TAMS 0x0000000080f00000, 0x0000000080e00000| Untracked 
|  15|0x0000000080f00000, 0x0000000081000000, 0x0000000081000000|100%| O|  |TAMS 0x0000000081000000, 0x0000000080f00000| Untracked 
|  16|0x0000000081000000, 0x0000000081100000, 0x0000000081100000|100%| O|  |TAMS 0x0000000081100000, 0x0000000081000000| Untracked 
|  17|0x0000000081100000, 0x0000000081200000, 0x0000000081200000|100%|HS|  |TAMS 0x0000000081200000, 0x0000000081100000| Complete 
|  18|0x0000000081200000, 0x0000000081300000, 0x0000000081300000|100%| O|  |TAMS 0x0000000081300000, 0x0000000081200000| Untracked 
|  19|0x0000000081300000, 0x0000000081400000, 0x0000000081400000|100%| O|  |TAMS 0x0000000081400000, 0x0000000081300000| Untracked 
|  20|0x0000000081400000, 0x0000000081500000, 0x0000000081500000|100%| O|  |TAMS 0x0000000081500000, 0x0000000081400000| Untracked 
|  21|0x0000000081500000, 0x0000000081600000, 0x0000000081600000|100%| O|  |TAMS 0x0000000081600000, 0x0000000081500000| Untracked 
|  22|0x0000000081600000, 0x0000000081700000, 0x0000000081700000|100%| O|  |TAMS 0x0000000081700000, 0x0000000081600000| Untracked 
|  23|0x0000000081700000, 0x0000000081800000, 0x0000000081800000|100%| O|  |TAMS 0x0000000081800000, 0x0000000081700000| Untracked 
|  24|0x0000000081800000, 0x0000000081900000, 0x0000000081900000|100%|HS|  |TAMS 0x0000000081900000, 0x0000000081800000| Complete 
|  25|0x0000000081900000, 0x0000000081a00000, 0x0000000081a00000|100%|HC|  |TAMS 0x0000000081a00000, 0x0000000081900000| Complete 
|  26|0x0000000081a00000, 0x0000000081b00000, 0x0000000081b00000|100%|HC|  |TAMS 0x0000000081b00000, 0x0000000081a00000| Complete 
|  27|0x0000000081b00000, 0x0000000081c00000, 0x0000000081c00000|100%| O|  |TAMS 0x0000000081c00000, 0x0000000081b00000| Untracked 
|  28|0x0000000081c00000, 0x0000000081d00000, 0x0000000081d00000|100%| O|  |TAMS 0x0000000081d00000, 0x0000000081c00000| Untracked 
|  29|0x0000000081d00000, 0x0000000081e00000, 0x0000000081e00000|100%| O|  |TAMS 0x0000000081e00000, 0x0000000081d00000| Untracked 
|  30|0x0000000081e00000, 0x0000000081f00000, 0x0000000081f00000|100%| O|  |TAMS 0x0000000081f00000, 0x0000000081e00000| Untracked 
|  31|0x0000000081f00000, 0x0000000082000000, 0x0000000082000000|100%| O|  |TAMS 0x0000000082000000, 0x0000000081f00000| Untracked 
|  32|0x0000000082000000, 0x0000000082100000, 0x0000000082100000|100%| O|  |TAMS 0x0000000082100000, 0x0000000082000000| Untracked 
|  33|0x0000000082100000, 0x0000000082200000, 0x0000000082200000|100%| O|  |TAMS 0x0000000082200000, 0x0000000082100000| Untracked 
|  34|0x0000000082200000, 0x0000000082300000, 0x0000000082300000|100%| O|  |TAMS 0x0000000082300000, 0x0000000082200000| Untracked 
|  35|0x0000000082300000, 0x0000000082400000, 0x0000000082400000|100%| O|  |TAMS 0x0000000082400000, 0x0000000082300000| Untracked 
|  36|0x0000000082400000, 0x0000000082500000, 0x0000000082500000|100%| O|  |TAMS 0x0000000082500000, 0x0000000082400000| Untracked 
|  37|0x0000000082500000, 0x0000000082600000, 0x0000000082600000|100%| O|  |TAMS 0x0000000082600000, 0x0000000082500000| Untracked 
|  38|0x0000000082600000, 0x0000000082700000, 0x0000000082700000|100%| O|  |TAMS 0x0000000082700000, 0x0000000082600000| Untracked 
|  39|0x0000000082700000, 0x0000000082800000, 0x0000000082800000|100%| O|  |TAMS 0x0000000082800000, 0x0000000082700000| Untracked 
|  40|0x0000000082800000, 0x0000000082900000, 0x0000000082900000|100%| O|  |TAMS 0x0000000082900000, 0x0000000082800000| Untracked 
|  41|0x0000000082900000, 0x0000000082a00000, 0x0000000082a00000|100%| O|  |TAMS 0x0000000082a00000, 0x0000000082900000| Untracked 
|  42|0x0000000082a00000, 0x0000000082b00000, 0x0000000082b00000|100%|HS|  |TAMS 0x0000000082b00000, 0x0000000082a00000| Complete 
|  43|0x0000000082b00000, 0x0000000082c00000, 0x0000000082c00000|100%|HS|  |TAMS 0x0000000082c00000, 0x0000000082b00000| Complete 
|  44|0x0000000082c00000, 0x0000000082d00000, 0x0000000082d00000|100%|HS|  |TAMS 0x0000000082d00000, 0x0000000082c00000| Complete 
|  45|0x0000000082d00000, 0x0000000082e00000, 0x0000000082e00000|100%|HC|  |TAMS 0x0000000082e00000, 0x0000000082d00000| Complete 
|  46|0x0000000082e00000, 0x0000000082f00000, 0x0000000082f00000|100%| O|  |TAMS 0x0000000082f00000, 0x0000000082e00000| Untracked 
|  47|0x0000000082f00000, 0x0000000083000000, 0x0000000083000000|100%| O|  |TAMS 0x0000000083000000, 0x0000000082f00000| Untracked 
|  48|0x0000000083000000, 0x0000000083100000, 0x0000000083100000|100%| O|  |TAMS 0x0000000083100000, 0x0000000083000000| Untracked 
|  49|0x0000000083100000, 0x0000000083200000, 0x0000000083200000|100%| O|  |TAMS 0x0000000083200000, 0x0000000083100000| Untracked 
|  50|0x0000000083200000, 0x0000000083300000, 0x0000000083300000|100%| O|  |TAMS 0x0000000083300000, 0x0000000083200000| Untracked 
|  51|0x0000000083300000, 0x0000000083400000, 0x0000000083400000|100%| O|  |TAMS 0x0000000083400000, 0x0000000083300000| Untracked 
|  52|0x0000000083400000, 0x0000000083500000, 0x0000000083500000|100%| O|  |TAMS 0x0000000083500000, 0x0000000083400000| Untracked 
|  53|0x0000000083500000, 0x0000000083600000, 0x0000000083600000|100%| O|  |TAMS 0x0000000083600000, 0x0000000083500000| Untracked 
|  54|0x0000000083600000, 0x0000000083700000, 0x0000000083700000|100%| O|  |TAMS 0x0000000083700000, 0x0000000083600000| Untracked 
|  55|0x0000000083700000, 0x0000000083800000, 0x0000000083800000|100%| O|  |TAMS 0x0000000083800000, 0x0000000083700000| Untracked 
|  56|0x0000000083800000, 0x0000000083900000, 0x0000000083900000|100%| O|  |TAMS 0x0000000083900000, 0x0000000083800000| Untracked 
|  57|0x0000000083900000, 0x0000000083a00000, 0x0000000083a00000|100%| O|  |TAMS 0x0000000083a00000, 0x0000000083900000| Untracked 
|  58|0x0000000083a00000, 0x0000000083b00000, 0x0000000083b00000|100%| O|  |TAMS 0x0000000083b00000, 0x0000000083a00000| Untracked 
|  59|0x0000000083b00000, 0x0000000083c00000, 0x0000000083c00000|100%| O|  |TAMS 0x0000000083c00000, 0x0000000083b00000| Untracked 
|  60|0x0000000083c00000, 0x0000000083d00000, 0x0000000083d00000|100%| O|  |TAMS 0x0000000083d00000, 0x0000000083c00000| Untracked 
|  61|0x0000000083d00000, 0x0000000083e00000, 0x0000000083e00000|100%| O|  |TAMS 0x0000000083e00000, 0x0000000083d00000| Untracked 
|  62|0x0000000083e00000, 0x0000000083f00000, 0x0000000083f00000|100%| O|  |TAMS 0x0000000083f00000, 0x0000000083e00000| Untracked 
|  63|0x0000000083f00000, 0x0000000084000000, 0x0000000084000000|100%| O|  |TAMS 0x0000000084000000, 0x0000000083f00000| Untracked 
|  64|0x0000000084000000, 0x0000000084100000, 0x0000000084100000|100%| O|  |TAMS 0x0000000084100000, 0x0000000084000000| Untracked 
|  65|0x0000000084100000, 0x0000000084200000, 0x0000000084200000|100%| O|  |TAMS 0x0000000084200000, 0x0000000084100000| Untracked 
|  66|0x0000000084200000, 0x0000000084300000, 0x0000000084300000|100%| O|  |TAMS 0x0000000084300000, 0x0000000084200000| Untracked 
|  67|0x0000000084300000, 0x0000000084400000, 0x0000000084400000|100%| O|  |TAMS 0x0000000084400000, 0x0000000084300000| Untracked 
|  68|0x0000000084400000, 0x0000000084500000, 0x0000000084500000|100%| O|  |TAMS 0x0000000084500000, 0x0000000084400000| Untracked 
|  69|0x0000000084500000, 0x0000000084600000, 0x0000000084600000|100%| O|  |TAMS 0x0000000084600000, 0x0000000084500000| Untracked 
|  70|0x0000000084600000, 0x0000000084700000, 0x0000000084700000|100%| O|  |TAMS 0x0000000084700000, 0x0000000084600000| Untracked 
|  71|0x0000000084700000, 0x0000000084800000, 0x0000000084800000|100%| O|  |TAMS 0x0000000084800000, 0x0000000084700000| Untracked 
|  72|0x0000000084800000, 0x0000000084900000, 0x0000000084900000|100%| O|  |TAMS 0x0000000084900000, 0x0000000084800000| Untracked 
|  73|0x0000000084900000, 0x0000000084a00000, 0x0000000084a00000|100%| O|  |TAMS 0x0000000084a00000, 0x0000000084900000| Untracked 
|  74|0x0000000084a00000, 0x0000000084b00000, 0x0000000084b00000|100%| O|  |TAMS 0x0000000084b00000, 0x0000000084a00000| Untracked 
|  75|0x0000000084b00000, 0x0000000084c00000, 0x0000000084c00000|100%| O|  |TAMS 0x0000000084c00000, 0x0000000084b00000| Untracked 
|  76|0x0000000084c00000, 0x0000000084d00000, 0x0000000084d00000|100%| O|  |TAMS 0x0000000084d00000, 0x0000000084c00000| Untracked 
|  77|0x0000000084d00000, 0x0000000084e00000, 0x0000000084e00000|100%| O|  |TAMS 0x0000000084e00000, 0x0000000084d00000| Untracked 
|  78|0x0000000084e00000, 0x0000000084f00000, 0x0000000084f00000|100%| O|  |TAMS 0x0000000084f00000, 0x0000000084e00000| Untracked 
|  79|0x0000000084f00000, 0x0000000085000000, 0x0000000085000000|100%| O|  |TAMS 0x0000000085000000, 0x0000000084f00000| Untracked 
|  80|0x0000000085000000, 0x0000000085100000, 0x0000000085100000|100%| O|  |TAMS 0x0000000085100000, 0x0000000085000000| Untracked 
|  81|0x0000000085100000, 0x0000000085200000, 0x0000000085200000|100%| O|  |TAMS 0x0000000085200000, 0x0000000085100000| Untracked 
|  82|0x0000000085200000, 0x0000000085300000, 0x0000000085300000|100%| O|  |TAMS 0x0000000085300000, 0x0000000085200000| Untracked 
|  83|0x0000000085300000, 0x0000000085400000, 0x0000000085400000|100%|HS|  |TAMS 0x0000000085400000, 0x0000000085300000| Complete 
|  84|0x0000000085400000, 0x0000000085500000, 0x0000000085500000|100%|HS|  |TAMS 0x0000000085500000, 0x0000000085400000| Complete 
|  85|0x0000000085500000, 0x0000000085600000, 0x0000000085600000|100%| O|  |TAMS 0x0000000085600000, 0x0000000085500000| Untracked 
|  86|0x0000000085600000, 0x0000000085700000, 0x0000000085700000|100%|HS|  |TAMS 0x0000000085700000, 0x0000000085600000| Complete 
|  87|0x0000000085700000, 0x0000000085800000, 0x0000000085800000|100%| O|  |TAMS 0x0000000085800000, 0x0000000085700000| Untracked 
|  88|0x0000000085800000, 0x0000000085900000, 0x0000000085900000|100%| O|  |TAMS 0x0000000085900000, 0x0000000085800000| Untracked 
|  89|0x0000000085900000, 0x0000000085a00000, 0x0000000085a00000|100%| O|  |TAMS 0x0000000085a00000, 0x0000000085900000| Untracked 
|  90|0x0000000085a00000, 0x0000000085b00000, 0x0000000085b00000|100%| O|  |TAMS 0x0000000085b00000, 0x0000000085a00000| Untracked 
|  91|0x0000000085b00000, 0x0000000085c00000, 0x0000000085c00000|100%| O|  |TAMS 0x0000000085b00000, 0x0000000085b00000| Untracked 
|  92|0x0000000085c00000, 0x0000000085d00000, 0x0000000085d00000|100%| O|  |TAMS 0x0000000085d00000, 0x0000000085c00000| Untracked 
|  93|0x0000000085d00000, 0x0000000085e00000, 0x0000000085e00000|100%| O|  |TAMS 0x0000000085e00000, 0x0000000085d00000| Untracked 
|  94|0x0000000085e00000, 0x0000000085f00000, 0x0000000085f00000|100%|HS|  |TAMS 0x0000000085f00000, 0x0000000085e00000| Complete 
|  95|0x0000000085f00000, 0x0000000086000000, 0x0000000086000000|100%|HC|  |TAMS 0x0000000086000000, 0x0000000085f00000| Complete 
|  96|0x0000000086000000, 0x0000000086100000, 0x0000000086100000|100%| O|  |TAMS 0x0000000086100000, 0x0000000086000000| Untracked 
|  97|0x0000000086100000, 0x0000000086200000, 0x0000000086200000|100%| O|  |TAMS 0x0000000086200000, 0x0000000086100000| Untracked 
|  98|0x0000000086200000, 0x0000000086300000, 0x0000000086300000|100%|HS|  |TAMS 0x0000000086300000, 0x0000000086200000| Complete 
|  99|0x0000000086300000, 0x0000000086400000, 0x0000000086400000|100%|HC|  |TAMS 0x0000000086400000, 0x0000000086300000| Complete 
| 100|0x0000000086400000, 0x0000000086500000, 0x0000000086500000|100%| O|  |TAMS 0x0000000086500000, 0x0000000086400000| Untracked 
| 101|0x0000000086500000, 0x0000000086600000, 0x0000000086600000|100%| O|  |TAMS 0x0000000086600000, 0x0000000086500000| Untracked 
| 102|0x0000000086600000, 0x0000000086700000, 0x0000000086700000|100%| O|  |TAMS 0x0000000086700000, 0x0000000086600000| Untracked 
| 103|0x0000000086700000, 0x0000000086800000, 0x0000000086800000|100%| O|  |TAMS 0x0000000086800000, 0x0000000086700000| Untracked 
| 104|0x0000000086800000, 0x0000000086900000, 0x0000000086900000|100%| O|  |TAMS 0x0000000086900000, 0x0000000086800000| Untracked 
| 105|0x0000000086900000, 0x0000000086a00000, 0x0000000086a00000|100%| O|  |TAMS 0x0000000086a00000, 0x0000000086900000| Untracked 
| 106|0x0000000086a00000, 0x0000000086b00000, 0x0000000086b00000|100%|HS|  |TAMS 0x0000000086b00000, 0x0000000086a00000| Complete 
| 107|0x0000000086b00000, 0x0000000086c00000, 0x0000000086c00000|100%|HS|  |TAMS 0x0000000086c00000, 0x0000000086b00000| Complete 
| 108|0x0000000086c00000, 0x0000000086d00000, 0x0000000086d00000|100%|HS|  |TAMS 0x0000000086d00000, 0x0000000086c00000| Complete 
| 109|0x0000000086d00000, 0x0000000086e00000, 0x0000000086e00000|100%|HC|  |TAMS 0x0000000086e00000, 0x0000000086d00000| Complete 
| 110|0x0000000086e00000, 0x0000000086f00000, 0x0000000086f00000|100%|HC|  |TAMS 0x0000000086f00000, 0x0000000086e00000| Complete 
| 111|0x0000000086f00000, 0x0000000087000000, 0x0000000087000000|100%| O|  |TAMS 0x0000000087000000, 0x0000000086f00000| Untracked 
| 112|0x0000000087000000, 0x0000000087100000, 0x0000000087100000|100%| O|  |TAMS 0x0000000087100000, 0x0000000087000000| Untracked 
| 113|0x0000000087100000, 0x0000000087200000, 0x0000000087200000|100%| O|  |TAMS 0x0000000087200000, 0x0000000087100000| Untracked 
| 114|0x0000000087200000, 0x0000000087300000, 0x0000000087300000|100%| O|  |TAMS 0x0000000087300000, 0x0000000087200000| Untracked 
| 115|0x0000000087300000, 0x0000000087400000, 0x0000000087400000|100%| O|  |TAMS 0x0000000087400000, 0x0000000087300000| Untracked 
| 116|0x0000000087400000, 0x0000000087500000, 0x0000000087500000|100%| O|  |TAMS 0x0000000087500000, 0x0000000087400000| Untracked 
| 117|0x0000000087500000, 0x0000000087600000, 0x0000000087600000|100%| O|  |TAMS 0x0000000087600000, 0x0000000087500000| Untracked 
| 118|0x0000000087600000, 0x0000000087700000, 0x0000000087700000|100%| O|  |TAMS 0x0000000087700000, 0x0000000087600000| Untracked 
| 119|0x0000000087700000, 0x0000000087800000, 0x0000000087800000|100%| O|  |TAMS 0x0000000087800000, 0x0000000087700000| Untracked 
| 120|0x0000000087800000, 0x0000000087900000, 0x0000000087900000|100%| O|  |TAMS 0x0000000087900000, 0x0000000087800000| Untracked 
| 121|0x0000000087900000, 0x0000000087a00000, 0x0000000087a00000|100%| O|  |TAMS 0x0000000087a00000, 0x0000000087900000| Untracked 
| 122|0x0000000087a00000, 0x0000000087b00000, 0x0000000087b00000|100%| O|  |TAMS 0x0000000087b00000, 0x0000000087a00000| Untracked 
| 123|0x0000000087b00000, 0x0000000087c00000, 0x0000000087c00000|100%| O|  |TAMS 0x0000000087c00000, 0x0000000087b00000| Untracked 
| 124|0x0000000087c00000, 0x0000000087d00000, 0x0000000087d00000|100%| O|  |TAMS 0x0000000087d00000, 0x0000000087c00000| Untracked 
| 125|0x0000000087d00000, 0x0000000087e00000, 0x0000000087e00000|100%| O|  |TAMS 0x0000000087e00000, 0x0000000087d00000| Untracked 
| 126|0x0000000087e00000, 0x0000000087f00000, 0x0000000087f00000|100%| O|  |TAMS 0x0000000087f00000, 0x0000000087e00000| Untracked 
| 127|0x0000000087f00000, 0x0000000088000000, 0x0000000088000000|100%| O|  |TAMS 0x0000000088000000, 0x0000000087f00000| Untracked 
| 128|0x0000000088000000, 0x0000000088100000, 0x0000000088100000|100%| O|  |TAMS 0x0000000088100000, 0x0000000088000000| Untracked 
| 129|0x0000000088100000, 0x0000000088200000, 0x0000000088200000|100%| O|  |TAMS 0x0000000088200000, 0x0000000088100000| Untracked 
| 130|0x0000000088200000, 0x0000000088300000, 0x0000000088300000|100%| O|  |TAMS 0x0000000088300000, 0x0000000088200000| Untracked 
| 131|0x0000000088300000, 0x0000000088400000, 0x0000000088400000|100%| O|  |TAMS 0x0000000088400000, 0x0000000088300000| Untracked 
| 132|0x0000000088400000, 0x0000000088500000, 0x0000000088500000|100%| O|  |TAMS 0x0000000088500000, 0x0000000088400000| Untracked 
| 133|0x0000000088500000, 0x0000000088600000, 0x0000000088600000|100%| O|  |TAMS 0x0000000088600000, 0x0000000088500000| Untracked 
| 134|0x0000000088600000, 0x0000000088700000, 0x0000000088700000|100%| O|  |TAMS 0x0000000088700000, 0x0000000088600000| Untracked 
| 135|0x0000000088700000, 0x0000000088800000, 0x0000000088800000|100%| O|  |TAMS 0x0000000088800000, 0x0000000088700000| Untracked 
| 136|0x0000000088800000, 0x0000000088900000, 0x0000000088900000|100%| O|  |TAMS 0x0000000088900000, 0x0000000088800000| Untracked 
| 137|0x0000000088900000, 0x0000000088a00000, 0x0000000088a00000|100%| O|  |TAMS 0x0000000088a00000, 0x0000000088900000| Untracked 
| 138|0x0000000088a00000, 0x0000000088b00000, 0x0000000088b00000|100%| O|  |TAMS 0x0000000088b00000, 0x0000000088a00000| Untracked 
| 139|0x0000000088b00000, 0x0000000088c00000, 0x0000000088c00000|100%| O|  |TAMS 0x0000000088c00000, 0x0000000088b00000| Untracked 
| 140|0x0000000088c00000, 0x0000000088d00000, 0x0000000088d00000|100%| O|  |TAMS 0x0000000088d00000, 0x0000000088c00000| Untracked 
| 141|0x0000000088d00000, 0x0000000088e00000, 0x0000000088e00000|100%| O|  |TAMS 0x0000000088e00000, 0x0000000088d00000| Untracked 
| 142|0x0000000088e00000, 0x0000000088f00000, 0x0000000088f00000|100%| O|  |TAMS 0x0000000088f00000, 0x0000000088e00000| Untracked 
| 143|0x0000000088f00000, 0x0000000089000000, 0x0000000089000000|100%| O|  |TAMS 0x0000000089000000, 0x0000000088f00000| Untracked 
| 144|0x0000000089000000, 0x0000000089100000, 0x0000000089100000|100%| O|  |TAMS 0x0000000089100000, 0x0000000089000000| Untracked 
| 145|0x0000000089100000, 0x0000000089200000, 0x0000000089200000|100%|HS|  |TAMS 0x0000000089200000, 0x0000000089100000| Complete 
| 146|0x0000000089200000, 0x0000000089300000, 0x0000000089300000|100%|HS|  |TAMS 0x0000000089300000, 0x0000000089200000| Complete 
| 147|0x0000000089300000, 0x0000000089400000, 0x0000000089400000|100%|HC|  |TAMS 0x0000000089400000, 0x0000000089300000| Complete 
| 148|0x0000000089400000, 0x0000000089500000, 0x0000000089500000|100%|HC|  |TAMS 0x0000000089500000, 0x0000000089400000| Complete 
| 149|0x0000000089500000, 0x0000000089600000, 0x0000000089600000|100%| O|  |TAMS 0x0000000089600000, 0x0000000089500000| Untracked 
| 150|0x0000000089600000, 0x0000000089700000, 0x0000000089700000|100%| O|  |TAMS 0x0000000089700000, 0x0000000089600000| Untracked 
| 151|0x0000000089700000, 0x0000000089800000, 0x0000000089800000|100%| O|  |TAMS 0x0000000089800000, 0x0000000089700000| Untracked 
| 152|0x0000000089800000, 0x0000000089900000, 0x0000000089900000|100%| O|  |TAMS 0x0000000089900000, 0x0000000089800000| Untracked 
| 153|0x0000000089900000, 0x0000000089a00000, 0x0000000089a00000|100%| O|  |TAMS 0x0000000089a00000, 0x0000000089900000| Untracked 
| 154|0x0000000089a00000, 0x0000000089b00000, 0x0000000089b00000|100%| O|  |TAMS 0x0000000089b00000, 0x0000000089a00000| Untracked 
| 155|0x0000000089b00000, 0x0000000089c00000, 0x0000000089c00000|100%| O|  |TAMS 0x0000000089c00000, 0x0000000089b00000| Untracked 
| 156|0x0000000089c00000, 0x0000000089d00000, 0x0000000089d00000|100%| O|  |TAMS 0x0000000089d00000, 0x0000000089c00000| Untracked 
| 157|0x0000000089d00000, 0x0000000089e00000, 0x0000000089e00000|100%| O|  |TAMS 0x0000000089e00000, 0x0000000089d00000| Untracked 
| 158|0x0000000089e00000, 0x0000000089f00000, 0x0000000089f00000|100%| O|  |TAMS 0x0000000089f00000, 0x0000000089e00000| Untracked 
| 159|0x0000000089f00000, 0x000000008a000000, 0x000000008a000000|100%| O|  |TAMS 0x000000008a000000, 0x0000000089f00000| Untracked 
| 160|0x000000008a000000, 0x000000008a100000, 0x000000008a100000|100%| O|  |TAMS 0x000000008a100000, 0x000000008a000000| Untracked 
| 161|0x000000008a100000, 0x000000008a200000, 0x000000008a200000|100%| O|  |TAMS 0x000000008a200000, 0x000000008a100000| Untracked 
| 162|0x000000008a200000, 0x000000008a300000, 0x000000008a300000|100%| O|  |TAMS 0x000000008a300000, 0x000000008a200000| Untracked 
| 163|0x000000008a300000, 0x000000008a400000, 0x000000008a400000|100%| O|  |TAMS 0x000000008a400000, 0x000000008a300000| Untracked 
| 164|0x000000008a400000, 0x000000008a500000, 0x000000008a500000|100%| O|  |TAMS 0x000000008a500000, 0x000000008a400000| Untracked 
| 165|0x000000008a500000, 0x000000008a600000, 0x000000008a600000|100%| O|  |TAMS 0x000000008a600000, 0x000000008a500000| Untracked 
| 166|0x000000008a600000, 0x000000008a700000, 0x000000008a700000|100%| O|  |TAMS 0x000000008a700000, 0x000000008a600000| Untracked 
| 167|0x000000008a700000, 0x000000008a800000, 0x000000008a800000|100%| O|  |TAMS 0x000000008a800000, 0x000000008a700000| Untracked 
| 168|0x000000008a800000, 0x000000008a900000, 0x000000008a900000|100%| O|  |TAMS 0x000000008a900000, 0x000000008a800000| Untracked 
| 169|0x000000008a900000, 0x000000008aa00000, 0x000000008aa00000|100%| O|  |TAMS 0x000000008aa00000, 0x000000008a900000| Untracked 
| 170|0x000000008aa00000, 0x000000008ab00000, 0x000000008ab00000|100%| O|  |TAMS 0x000000008ab00000, 0x000000008aa00000| Untracked 
| 171|0x000000008ab00000, 0x000000008ac00000, 0x000000008ac00000|100%| O|  |TAMS 0x000000008ac00000, 0x000000008ab00000| Untracked 
| 172|0x000000008ac00000, 0x000000008ad00000, 0x000000008ad00000|100%| O|  |TAMS 0x000000008ad00000, 0x000000008ac00000| Untracked 
| 173|0x000000008ad00000, 0x000000008ae00000, 0x000000008ae00000|100%| O|  |TAMS 0x000000008ae00000, 0x000000008ad00000| Untracked 
| 174|0x000000008ae00000, 0x000000008af00000, 0x000000008af00000|100%| O|  |TAMS 0x000000008af00000, 0x000000008ae00000| Untracked 
| 175|0x000000008af00000, 0x000000008b000000, 0x000000008b000000|100%| O|  |TAMS 0x000000008b000000, 0x000000008af00000| Untracked 
| 176|0x000000008b000000, 0x000000008b100000, 0x000000008b100000|100%| O|  |TAMS 0x000000008b100000, 0x000000008b000000| Untracked 
| 177|0x000000008b100000, 0x000000008b200000, 0x000000008b200000|100%| O|  |TAMS 0x000000008b200000, 0x000000008b100000| Untracked 
| 178|0x000000008b200000, 0x000000008b300000, 0x000000008b300000|100%| O|  |TAMS 0x000000008b300000, 0x000000008b200000| Untracked 
| 179|0x000000008b300000, 0x000000008b400000, 0x000000008b400000|100%| O|  |TAMS 0x000000008b400000, 0x000000008b300000| Untracked 
| 180|0x000000008b400000, 0x000000008b500000, 0x000000008b500000|100%| O|  |TAMS 0x000000008b500000, 0x000000008b400000| Untracked 
| 181|0x000000008b500000, 0x000000008b600000, 0x000000008b600000|100%| O|  |TAMS 0x000000008b600000, 0x000000008b500000| Untracked 
| 182|0x000000008b600000, 0x000000008b700000, 0x000000008b700000|100%| O|  |TAMS 0x000000008b700000, 0x000000008b600000| Untracked 
| 183|0x000000008b700000, 0x000000008b800000, 0x000000008b800000|100%| O|  |TAMS 0x000000008b800000, 0x000000008b700000| Untracked 
| 184|0x000000008b800000, 0x000000008b900000, 0x000000008b900000|100%| O|  |TAMS 0x000000008b900000, 0x000000008b800000| Untracked 
| 185|0x000000008b900000, 0x000000008ba00000, 0x000000008ba00000|100%| O|  |TAMS 0x000000008ba00000, 0x000000008b900000| Untracked 
| 186|0x000000008ba00000, 0x000000008bb00000, 0x000000008bb00000|100%| O|  |TAMS 0x000000008bb00000, 0x000000008ba00000| Untracked 
| 187|0x000000008bb00000, 0x000000008bc00000, 0x000000008bc00000|100%| O|  |TAMS 0x000000008bc00000, 0x000000008bb00000| Untracked 
| 188|0x000000008bc00000, 0x000000008bd00000, 0x000000008bd00000|100%| O|  |TAMS 0x000000008bd00000, 0x000000008bc00000| Untracked 
| 189|0x000000008bd00000, 0x000000008be00000, 0x000000008be00000|100%| O|  |TAMS 0x000000008be00000, 0x000000008bd00000| Untracked 
| 190|0x000000008be00000, 0x000000008bf00000, 0x000000008bf00000|100%| O|  |TAMS 0x000000008bf00000, 0x000000008be00000| Untracked 
| 191|0x000000008bf00000, 0x000000008c000000, 0x000000008c000000|100%| O|  |TAMS 0x000000008c000000, 0x000000008bf00000| Untracked 
| 192|0x000000008c000000, 0x000000008c100000, 0x000000008c100000|100%| O|  |TAMS 0x000000008c100000, 0x000000008c000000| Untracked 
| 193|0x000000008c100000, 0x000000008c200000, 0x000000008c200000|100%| O|  |TAMS 0x000000008c200000, 0x000000008c100000| Untracked 
| 194|0x000000008c200000, 0x000000008c300000, 0x000000008c300000|100%| O|  |TAMS 0x000000008c300000, 0x000000008c200000| Untracked 
| 195|0x000000008c300000, 0x000000008c400000, 0x000000008c400000|100%| O|  |TAMS 0x000000008c400000, 0x000000008c300000| Untracked 
| 196|0x000000008c400000, 0x000000008c500000, 0x000000008c500000|100%| O|  |TAMS 0x000000008c500000, 0x000000008c400000| Untracked 
| 197|0x000000008c500000, 0x000000008c600000, 0x000000008c600000|100%| O|  |TAMS 0x000000008c600000, 0x000000008c500000| Untracked 
| 198|0x000000008c600000, 0x000000008c700000, 0x000000008c700000|100%| O|  |TAMS 0x000000008c700000, 0x000000008c600000| Untracked 
| 199|0x000000008c700000, 0x000000008c800000, 0x000000008c800000|100%| O|  |TAMS 0x000000008c800000, 0x000000008c700000| Untracked 
| 200|0x000000008c800000, 0x000000008c900000, 0x000000008c900000|100%| O|  |TAMS 0x000000008c900000, 0x000000008c800000| Untracked 
| 201|0x000000008c900000, 0x000000008ca00000, 0x000000008ca00000|100%| O|  |TAMS 0x000000008c900000, 0x000000008c900000| Untracked 
| 202|0x000000008ca00000, 0x000000008cb00000, 0x000000008cb00000|100%| O|  |TAMS 0x000000008cb00000, 0x000000008ca00000| Untracked 
| 203|0x000000008cb00000, 0x000000008cc00000, 0x000000008cc00000|100%| O|  |TAMS 0x000000008cc00000, 0x000000008cb00000| Untracked 
| 204|0x000000008cc00000, 0x000000008cd00000, 0x000000008cd00000|100%| O|  |TAMS 0x000000008cd00000, 0x000000008cc00000| Untracked 
| 205|0x000000008cd00000, 0x000000008ce00000, 0x000000008ce00000|100%| O|  |TAMS 0x000000008ce00000, 0x000000008cd00000| Untracked 
| 206|0x000000008ce00000, 0x000000008cf00000, 0x000000008cf00000|100%| O|  |TAMS 0x000000008cf00000, 0x000000008ce00000| Untracked 
| 207|0x000000008cf00000, 0x000000008d000000, 0x000000008d000000|100%| O|  |TAMS 0x000000008d000000, 0x000000008cf00000| Untracked 
| 208|0x000000008d000000, 0x000000008d100000, 0x000000008d100000|100%| O|  |TAMS 0x000000008d000000, 0x000000008d000000| Untracked 
| 209|0x000000008d100000, 0x000000008d200000, 0x000000008d200000|100%| O|  |TAMS 0x000000008d100000, 0x000000008d100000| Untracked 
| 210|0x000000008d200000, 0x000000008d300000, 0x000000008d300000|100%| O|  |TAMS 0x000000008d300000, 0x000000008d200000| Untracked 
| 211|0x000000008d300000, 0x000000008d400000, 0x000000008d400000|100%| O|  |TAMS 0x000000008d300000, 0x000000008d300000| Untracked 
| 212|0x000000008d400000, 0x000000008d500000, 0x000000008d500000|100%| O|  |TAMS 0x000000008d400000, 0x000000008d400000| Untracked 
| 213|0x000000008d500000, 0x000000008d600000, 0x000000008d600000|100%| O|  |TAMS 0x000000008d500000, 0x000000008d500000| Untracked 
| 214|0x000000008d600000, 0x000000008d700000, 0x000000008d700000|100%| O|  |TAMS 0x000000008d600000, 0x000000008d600000| Untracked 
| 215|0x000000008d700000, 0x000000008d800000, 0x000000008d800000|100%| O|  |TAMS 0x000000008d700000, 0x000000008d700000| Untracked 
| 216|0x000000008d800000, 0x000000008d900000, 0x000000008d900000|100%| O|  |TAMS 0x000000008d800000, 0x000000008d800000| Untracked 
| 217|0x000000008d900000, 0x000000008da00000, 0x000000008da00000|100%| O|  |TAMS 0x000000008d900000, 0x000000008d900000| Untracked 
| 218|0x000000008da00000, 0x000000008db00000, 0x000000008db00000|100%| O|  |TAMS 0x000000008da00000, 0x000000008da00000| Untracked 
| 219|0x000000008db00000, 0x000000008dc00000, 0x000000008dc00000|100%| O|  |TAMS 0x000000008db00000, 0x000000008db00000| Untracked 
| 220|0x000000008dc00000, 0x000000008dd00000, 0x000000008dd00000|100%| O|  |TAMS 0x000000008dc00000, 0x000000008dc00000| Untracked 
| 221|0x000000008dd00000, 0x000000008de00000, 0x000000008de00000|100%| O|  |TAMS 0x000000008dd00000, 0x000000008dd00000| Untracked 
| 222|0x000000008de00000, 0x000000008df00000, 0x000000008df00000|100%| O|  |TAMS 0x000000008de00000, 0x000000008de00000| Untracked 
| 223|0x000000008df00000, 0x000000008e000000, 0x000000008e000000|100%| O|  |TAMS 0x000000008e000000, 0x000000008df00000| Untracked 
| 224|0x000000008e000000, 0x000000008e100000, 0x000000008e100000|100%| O|  |TAMS 0x000000008e100000, 0x000000008e000000| Untracked 
| 225|0x000000008e100000, 0x000000008e200000, 0x000000008e200000|100%| O|  |TAMS 0x000000008e100000, 0x000000008e100000| Untracked 
| 226|0x000000008e200000, 0x000000008e300000, 0x000000008e300000|100%| O|  |TAMS 0x000000008e300000, 0x000000008e200000| Untracked 
| 227|0x000000008e300000, 0x000000008e400000, 0x000000008e400000|100%| O|  |TAMS 0x000000008e400000, 0x000000008e300000| Untracked 
| 228|0x000000008e400000, 0x000000008e500000, 0x000000008e500000|100%| O|  |TAMS 0x000000008e400000, 0x000000008e400000| Untracked 
| 229|0x000000008e500000, 0x000000008e600000, 0x000000008e600000|100%| O|  |TAMS 0x000000008e600000, 0x000000008e500000| Untracked 
| 230|0x000000008e600000, 0x000000008e700000, 0x000000008e700000|100%| O|  |TAMS 0x000000008e600000, 0x000000008e600000| Untracked 
| 231|0x000000008e700000, 0x000000008e800000, 0x000000008e800000|100%| O|  |TAMS 0x000000008e700000, 0x000000008e700000| Untracked 
| 232|0x000000008e800000, 0x000000008e900000, 0x000000008e900000|100%|HS|  |TAMS 0x000000008e800000, 0x000000008e800000| Complete 
| 233|0x000000008e900000, 0x000000008ea00000, 0x000000008ea00000|100%|HC|  |TAMS 0x000000008e900000, 0x000000008e900000| Complete 
| 234|0x000000008ea00000, 0x000000008eb00000, 0x000000008eb00000|100%| O|  |TAMS 0x000000008ea00000, 0x000000008ea00000| Untracked 
| 235|0x000000008eb00000, 0x000000008ec00000, 0x000000008ec00000|100%| O|  |TAMS 0x000000008eb00000, 0x000000008eb00000| Untracked 
| 236|0x000000008ec00000, 0x000000008ed00000, 0x000000008ed00000|100%| O|  |TAMS 0x000000008ec00000, 0x000000008ec00000| Untracked 
| 237|0x000000008ed00000, 0x000000008ee00000, 0x000000008ee00000|100%| O|  |TAMS 0x000000008ed00000, 0x000000008ed00000| Untracked 
| 238|0x000000008ee00000, 0x000000008ef00000, 0x000000008ef00000|100%| O|  |TAMS 0x000000008ee00000, 0x000000008ee00000| Untracked 
| 239|0x000000008ef00000, 0x000000008f000000, 0x000000008f000000|100%| O|  |TAMS 0x000000008ef00000, 0x000000008ef00000| Untracked 
| 240|0x000000008f000000, 0x000000008f100000, 0x000000008f100000|100%| O|  |TAMS 0x000000008f000000, 0x000000008f000000| Untracked 
| 241|0x000000008f100000, 0x000000008f200000, 0x000000008f200000|100%| O|  |TAMS 0x000000008f100000, 0x000000008f100000| Untracked 
| 242|0x000000008f200000, 0x000000008f300000, 0x000000008f300000|100%| O|  |TAMS 0x000000008f200000, 0x000000008f200000| Untracked 
| 243|0x000000008f300000, 0x000000008f400000, 0x000000008f400000|100%| O|  |TAMS 0x000000008f300000, 0x000000008f300000| Untracked 
| 244|0x000000008f400000, 0x000000008f500000, 0x000000008f500000|100%| O|  |TAMS 0x000000008f400000, 0x000000008f400000| Untracked 
| 245|0x000000008f500000, 0x000000008f600000, 0x000000008f600000|100%|HS|  |TAMS 0x000000008f500000, 0x000000008f500000| Complete 
| 246|0x000000008f600000, 0x000000008f700000, 0x000000008f700000|100%|HC|  |TAMS 0x000000008f600000, 0x000000008f600000| Complete 
| 247|0x000000008f700000, 0x000000008f800000, 0x000000008f800000|100%| O|  |TAMS 0x000000008f700000, 0x000000008f700000| Untracked 
| 248|0x000000008f800000, 0x000000008f900000, 0x000000008f900000|100%| O|  |TAMS 0x000000008f800000, 0x000000008f800000| Untracked 
| 249|0x000000008f900000, 0x000000008fa00000, 0x000000008fa00000|100%| O|  |TAMS 0x000000008f900000, 0x000000008f900000| Untracked 
| 250|0x000000008fa00000, 0x000000008fb00000, 0x000000008fb00000|100%| O|  |TAMS 0x000000008fa00000, 0x000000008fa00000| Untracked 
| 251|0x000000008fb00000, 0x000000008fc00000, 0x000000008fc00000|100%| O|  |TAMS 0x000000008fb00000, 0x000000008fb00000| Untracked 
| 252|0x000000008fc00000, 0x000000008fd00000, 0x000000008fd00000|100%| O|  |TAMS 0x000000008fc00000, 0x000000008fc00000| Untracked 
| 253|0x000000008fd00000, 0x000000008fe00000, 0x000000008fe00000|100%| O|  |TAMS 0x000000008fd00000, 0x000000008fd00000| Untracked 
| 254|0x000000008fe00000, 0x000000008ff00000, 0x000000008ff00000|100%| O|  |TAMS 0x000000008fe00000, 0x000000008fe00000| Untracked 
| 255|0x000000008ff00000, 0x0000000090000000, 0x0000000090000000|100%| O|  |TAMS 0x000000008ff00000, 0x000000008ff00000| Untracked 
| 256|0x0000000090000000, 0x0000000090100000, 0x0000000090100000|100%| O|  |TAMS 0x0000000090000000, 0x0000000090000000| Untracked 
| 257|0x0000000090100000, 0x0000000090200000, 0x0000000090200000|100%| O|  |TAMS 0x0000000090100000, 0x0000000090100000| Untracked 
| 258|0x0000000090200000, 0x0000000090300000, 0x0000000090300000|100%| O|  |TAMS 0x0000000090200000, 0x0000000090200000| Untracked 
| 259|0x0000000090300000, 0x0000000090400000, 0x0000000090400000|100%| O|  |TAMS 0x0000000090300000, 0x0000000090300000| Untracked 
| 260|0x0000000090400000, 0x0000000090500000, 0x0000000090500000|100%| O|  |TAMS 0x0000000090400000, 0x0000000090400000| Untracked 
| 261|0x0000000090500000, 0x0000000090600000, 0x0000000090600000|100%| O|  |TAMS 0x0000000090500000, 0x0000000090500000| Untracked 
| 262|0x0000000090600000, 0x0000000090700000, 0x0000000090700000|100%| O|  |TAMS 0x0000000090600000, 0x0000000090600000| Untracked 
| 263|0x0000000090700000, 0x0000000090800000, 0x0000000090800000|100%| O|  |TAMS 0x0000000090700000, 0x0000000090700000| Untracked 
| 264|0x0000000090800000, 0x0000000090900000, 0x0000000090900000|100%| O|  |TAMS 0x0000000090800000, 0x0000000090800000| Untracked 
| 265|0x0000000090900000, 0x0000000090a00000, 0x0000000090a00000|100%| O|  |TAMS 0x0000000090900000, 0x0000000090900000| Untracked 
| 266|0x0000000090a00000, 0x0000000090b00000, 0x0000000090b00000|100%| O|  |TAMS 0x0000000090a00000, 0x0000000090a00000| Untracked 
| 267|0x0000000090b00000, 0x0000000090c00000, 0x0000000090c00000|100%| O|  |TAMS 0x0000000090b00000, 0x0000000090b00000| Untracked 
| 268|0x0000000090c00000, 0x0000000090d00000, 0x0000000090d00000|100%|HS|  |TAMS 0x0000000090c00000, 0x0000000090c00000| Complete 
| 269|0x0000000090d00000, 0x0000000090e00000, 0x0000000090e00000|100%|HC|  |TAMS 0x0000000090d00000, 0x0000000090d00000| Complete 
| 270|0x0000000090e00000, 0x0000000090f00000, 0x0000000090f00000|100%| O|  |TAMS 0x0000000090e00000, 0x0000000090e00000| Untracked 
| 271|0x0000000090f00000, 0x0000000091000000, 0x0000000091000000|100%| O|  |TAMS 0x0000000090f00000, 0x0000000090f00000| Untracked 
| 272|0x0000000091000000, 0x0000000091100000, 0x0000000091100000|100%| O|  |TAMS 0x0000000091000000, 0x0000000091000000| Untracked 
| 273|0x0000000091100000, 0x0000000091200000, 0x0000000091200000|100%| O|  |TAMS 0x0000000091100000, 0x0000000091100000| Untracked 
| 274|0x0000000091200000, 0x000000009129b200, 0x0000000091300000| 60%| O|  |TAMS 0x0000000091200000, 0x0000000091200000| Untracked 
| 275|0x0000000091300000, 0x0000000091300000, 0x0000000091400000|  0%| F|  |TAMS 0x0000000091300000, 0x0000000091300000| Untracked 
| 276|0x0000000091400000, 0x0000000091400000, 0x0000000091500000|  0%| F|  |TAMS 0x0000000091400000, 0x0000000091400000| Untracked 
| 277|0x0000000091500000, 0x0000000091500000, 0x0000000091600000|  0%| F|  |TAMS 0x0000000091500000, 0x0000000091500000| Untracked 
| 278|0x0000000091600000, 0x0000000091600000, 0x0000000091700000|  0%| F|  |TAMS 0x0000000091600000, 0x0000000091600000| Untracked 
| 279|0x0000000091700000, 0x0000000091700000, 0x0000000091800000|  0%| F|  |TAMS 0x0000000091700000, 0x0000000091700000| Untracked 
| 280|0x0000000091800000, 0x0000000091800000, 0x0000000091900000|  0%| F|  |TAMS 0x0000000091800000, 0x0000000091800000| Untracked 
| 281|0x0000000091900000, 0x0000000091900000, 0x0000000091a00000|  0%| F|  |TAMS 0x0000000091900000, 0x0000000091900000| Untracked 
| 282|0x0000000091a00000, 0x0000000091a00000, 0x0000000091b00000|  0%| F|  |TAMS 0x0000000091a00000, 0x0000000091a00000| Untracked 
| 283|0x0000000091b00000, 0x0000000091b00000, 0x0000000091c00000|  0%| F|  |TAMS 0x0000000091b00000, 0x0000000091b00000| Untracked 
| 284|0x0000000091c00000, 0x0000000091c00000, 0x0000000091d00000|  0%| F|  |TAMS 0x0000000091c00000, 0x0000000091c00000| Untracked 
| 285|0x0000000091d00000, 0x0000000091d00000, 0x0000000091e00000|  0%| F|  |TAMS 0x0000000091d00000, 0x0000000091d00000| Untracked 
| 286|0x0000000091e00000, 0x0000000091e00000, 0x0000000091f00000|  0%| F|  |TAMS 0x0000000091e00000, 0x0000000091e00000| Untracked 
| 287|0x0000000091f00000, 0x0000000091f00000, 0x0000000092000000|  0%| F|  |TAMS 0x0000000091f00000, 0x0000000091f00000| Untracked 
| 288|0x0000000092000000, 0x0000000092000000, 0x0000000092100000|  0%| F|  |TAMS 0x0000000092000000, 0x0000000092000000| Untracked 
| 289|0x0000000092100000, 0x0000000092100000, 0x0000000092200000|  0%| F|  |TAMS 0x0000000092100000, 0x0000000092100000| Untracked 
| 290|0x0000000092200000, 0x0000000092200000, 0x0000000092300000|  0%| F|  |TAMS 0x0000000092200000, 0x0000000092200000| Untracked 
| 291|0x0000000092300000, 0x0000000092300000, 0x0000000092400000|  0%| F|  |TAMS 0x0000000092300000, 0x0000000092300000| Untracked 
| 292|0x0000000092400000, 0x0000000092400000, 0x0000000092500000|  0%| F|  |TAMS 0x0000000092400000, 0x0000000092400000| Untracked 
| 293|0x0000000092500000, 0x0000000092500000, 0x0000000092600000|  0%| F|  |TAMS 0x0000000092500000, 0x0000000092500000| Untracked 
| 294|0x0000000092600000, 0x0000000092600000, 0x0000000092700000|  0%| F|  |TAMS 0x0000000092600000, 0x0000000092600000| Untracked 
| 295|0x0000000092700000, 0x0000000092700000, 0x0000000092800000|  0%| F|  |TAMS 0x0000000092700000, 0x0000000092700000| Untracked 
| 296|0x0000000092800000, 0x0000000092800000, 0x0000000092900000|  0%| F|  |TAMS 0x0000000092800000, 0x0000000092800000| Untracked 
| 297|0x0000000092900000, 0x0000000092900000, 0x0000000092a00000|  0%| F|  |TAMS 0x0000000092900000, 0x0000000092900000| Untracked 
| 298|0x0000000092a00000, 0x0000000092a00000, 0x0000000092b00000|  0%| F|  |TAMS 0x0000000092a00000, 0x0000000092a00000| Untracked 
| 299|0x0000000092b00000, 0x0000000092b00000, 0x0000000092c00000|  0%| F|  |TAMS 0x0000000092b00000, 0x0000000092b00000| Untracked 
| 300|0x0000000092c00000, 0x0000000092c00000, 0x0000000092d00000|  0%| F|  |TAMS 0x0000000092c00000, 0x0000000092c00000| Untracked 
| 301|0x0000000092d00000, 0x0000000092d00000, 0x0000000092e00000|  0%| F|  |TAMS 0x0000000092d00000, 0x0000000092d00000| Untracked 
| 302|0x0000000092e00000, 0x0000000092e00000, 0x0000000092f00000|  0%| F|  |TAMS 0x0000000092e00000, 0x0000000092e00000| Untracked 
| 303|0x0000000092f00000, 0x0000000092f00000, 0x0000000093000000|  0%| F|  |TAMS 0x0000000092f00000, 0x0000000092f00000| Untracked 
| 304|0x0000000093000000, 0x0000000093000000, 0x0000000093100000|  0%| F|  |TAMS 0x0000000093000000, 0x0000000093000000| Untracked 
| 305|0x0000000093100000, 0x0000000093200000, 0x0000000093200000|100%| S|CS|TAMS 0x0000000093100000, 0x0000000093100000| Complete 
| 306|0x0000000093200000, 0x0000000093300000, 0x0000000093300000|100%| S|CS|TAMS 0x0000000093200000, 0x0000000093200000| Complete 
| 307|0x0000000093300000, 0x0000000093300000, 0x0000000093400000|  0%| F|  |TAMS 0x0000000093300000, 0x0000000093300000| Untracked 
| 308|0x0000000093400000, 0x0000000093400000, 0x0000000093500000|  0%| F|  |TAMS 0x0000000093400000, 0x0000000093400000| Untracked 
| 309|0x0000000093500000, 0x0000000093500000, 0x0000000093600000|  0%| F|  |TAMS 0x0000000093500000, 0x0000000093500000| Untracked 
| 310|0x0000000093600000, 0x0000000093600000, 0x0000000093700000|  0%| F|  |TAMS 0x0000000093600000, 0x0000000093600000| Untracked 
| 311|0x0000000093700000, 0x0000000093700000, 0x0000000093800000|  0%| F|  |TAMS 0x0000000093700000, 0x0000000093700000| Untracked 
| 312|0x0000000093800000, 0x0000000093800000, 0x0000000093900000|  0%| F|  |TAMS 0x0000000093800000, 0x0000000093800000| Untracked 
| 313|0x0000000093900000, 0x0000000093900000, 0x0000000093a00000|  0%| F|  |TAMS 0x0000000093900000, 0x0000000093900000| Untracked 
| 314|0x0000000093a00000, 0x0000000093a00000, 0x0000000093b00000|  0%| F|  |TAMS 0x0000000093a00000, 0x0000000093a00000| Untracked 
| 315|0x0000000093b00000, 0x0000000093b00000, 0x0000000093c00000|  0%| F|  |TAMS 0x0000000093b00000, 0x0000000093b00000| Untracked 
| 316|0x0000000093c00000, 0x0000000093c00000, 0x0000000093d00000|  0%| F|  |TAMS 0x0000000093c00000, 0x0000000093c00000| Untracked 
| 317|0x0000000093d00000, 0x0000000093d00000, 0x0000000093e00000|  0%| F|  |TAMS 0x0000000093d00000, 0x0000000093d00000| Untracked 
| 318|0x0000000093e00000, 0x0000000093e00000, 0x0000000093f00000|  0%| F|  |TAMS 0x0000000093e00000, 0x0000000093e00000| Untracked 
| 319|0x0000000093f00000, 0x0000000093f00000, 0x0000000094000000|  0%| F|  |TAMS 0x0000000093f00000, 0x0000000093f00000| Untracked 
| 320|0x0000000094000000, 0x0000000094037e38, 0x0000000094100000| 21%| E|  |TAMS 0x0000000094000000, 0x0000000094000000| Complete 

Card table byte_map: [0x000002547d250000,0x000002547d650000] _byte_map_base: 0x000002547ce50000

Marking Bits (Prev, Next): (CMBitMap*) 0x00000254667b4f70, (CMBitMap*) 0x00000254667b4f38
 Prev Bits: [0x0000025400000000, 0x0000025402000000)
 Next Bits: [0x000002547da50000, 0x000002547fa50000)

Polling page: 0x0000025464710000

Metaspace:

Usage:
  Non-class:    123.06 MB capacity,   119.91 MB ( 97%) used,     2.73 MB (  2%) free+waste,   439.94 KB ( <1%) overhead. 
      Class:     19.19 MB capacity,    17.25 MB ( 90%) used,     1.75 MB (  9%) free+waste,   202.00 KB (  1%) overhead. 
       Both:    142.26 MB capacity,   137.15 MB ( 96%) used,     4.47 MB (  3%) free+waste,   641.94 KB ( <1%) overhead. 

Virtual space:
  Non-class space:      124.00 MB reserved,     123.25 MB (>99%) committed 
      Class space:      504.00 MB reserved,      19.25 MB (  4%) committed 
             Both:      628.00 MB reserved,     142.50 MB ( 23%) committed 

Chunk freelists:
   Non-Class:  7.75 KB
       Class:  0 bytes
        Both:  7.75 KB

CodeHeap 'non-profiled nmethods': size=120064Kb used=13552Kb max_used=13552Kb free=106511Kb
 bounds [0x0000025475910000, 0x0000025476650000, 0x000002547ce50000]
CodeHeap 'profiled nmethods': size=120000Kb used=47784Kb max_used=47784Kb free=72215Kb
 bounds [0x000002546e3e0000, 0x00000254712b0000, 0x0000025475910000]
CodeHeap 'non-nmethods': size=5696Kb used=2375Kb max_used=2437Kb free=3320Kb
 bounds [0x000002546de50000, 0x000002546e0c0000, 0x000002546e3e0000]
 total_blobs=22131 nmethods=21120 adapters=921
 compilation: enabled
              stopped_count=0, restarted_count=0
 full_count=0

Compilation events (10 events):
Event: 342.899 Thread 0x0000025407662800 23504       4       java.nio.channels.spi.AbstractInterruptibleChannel::isOpen (13 bytes)
Event: 342.899 Thread 0x0000025407662800 nmethod 23504 0x0000025476642010 code [0x0000025476642180, 0x00000254766421f8]
Event: 342.899 Thread 0x0000025407662800 23487   !   4       java.io.ObjectInputStream::readObject0 (671 bytes)
Event: 342.925 Thread 0x0000025404907800 23550       3       jdk.nio.zipfs.ZipDirectoryStream$1::<init> (10 bytes)
Event: 342.926 Thread 0x0000025404907800 nmethod 23550 0x0000025471299890 code [0x0000025471299a20, 0x0000025471299bd8]
Event: 343.062 Thread 0x0000025404904800 nmethod 23471 0x0000025476642290 code [0x00000254766428c0, 0x0000025476649cf0]
Event: 343.062 Thread 0x0000025404904800 23489       4       sun.nio.fs.WindowsPath::toWindowsPath (32 bytes)
Event: 343.063 Thread 0x0000025404904800 nmethod 23489 0x000002547664da90 code [0x000002547664dc00, 0x000002547664dc98]
Event: 343.063 Thread 0x0000025404904800 23551       4       java.util.concurrent.locks.ReentrantReadWriteLock$Sync::sharedCount (5 bytes)
Event: 343.063 Thread 0x0000025404904800 nmethod 23551 0x000002547664dd90 code [0x000002547664df00, 0x000002547664df58]

GC Heap History (10 events):
Event: 336.850 GC heap before
{Heap before GC invocations=152 (full 0):
 garbage-first heap   total 328704K, used 284991K [0x0000000080000000, 0x0000000100000000)
  region size 1024K, 29 young (29696K), 3 survivors (3072K)
 Metaspace       used 139151K, capacity 144384K, committed 144512K, reserved 641024K
  class space    used 17605K, capacity 19573K, committed 19584K, reserved 516096K
}
Event: 336.859 GC heap after
{Heap after GC invocations=153 (full 0):
 garbage-first heap   total 328704K, used 264924K [0x0000000080000000, 0x0000000100000000)
  region size 1024K, 4 young (4096K), 4 survivors (4096K)
 Metaspace       used 139151K, capacity 144384K, committed 144512K, reserved 641024K
  class space    used 17605K, capacity 19573K, committed 19584K, reserved 516096K
}
Event: 337.674 GC heap before
{Heap before GC invocations=153 (full 0):
 garbage-first heap   total 328704K, used 283356K [0x0000000080000000, 0x0000000100000000)
  region size 1024K, 23 young (23552K), 4 survivors (4096K)
 Metaspace       used 139310K, capacity 144532K, committed 144768K, reserved 643072K
  class space    used 17615K, capacity 19579K, committed 19584K, reserved 516096K
}
Event: 337.688 GC heap after
{Heap after GC invocations=154 (full 0):
 garbage-first heap   total 328704K, used 270185K [0x0000000080000000, 0x0000000100000000)
  region size 1024K, 3 young (3072K), 3 survivors (3072K)
 Metaspace       used 139310K, capacity 144532K, committed 144768K, reserved 643072K
  class space    used 17615K, capacity 19579K, committed 19584K, reserved 516096K
}
Event: 340.132 GC heap before
{Heap before GC invocations=154 (full 0):
 garbage-first heap   total 328704K, used 285545K [0x0000000080000000, 0x0000000100000000)
  region size 1024K, 18 young (18432K), 3 survivors (3072K)
 Metaspace       used 139876K, capacity 145089K, committed 145408K, reserved 643072K
  class space    used 17643K, capacity 19631K, committed 19712K, reserved 516096K
}
Event: 340.149 GC heap after
{Heap after GC invocations=155 (full 0):
 garbage-first heap   total 328704K, used 273327K [0x0000000080000000, 0x0000000100000000)
  region size 1024K, 3 young (3072K), 3 survivors (3072K)
 Metaspace       used 139876K, capacity 145089K, committed 145408K, reserved 643072K
  class space    used 17643K, capacity 19631K, committed 19712K, reserved 516096K
}
Event: 341.698 GC heap before
{Heap before GC invocations=155 (full 0):
 garbage-first heap   total 328704K, used 286639K [0x0000000080000000, 0x0000000100000000)
  region size 1024K, 16 young (16384K), 3 survivors (3072K)
 Metaspace       used 140279K, capacity 145509K, committed 145664K, reserved 643072K
  class space    used 17653K, capacity 19642K, committed 19712K, reserved 516096K
}
Event: 341.708 GC heap after
{Heap after GC invocations=156 (full 0):
 garbage-first heap   total 328704K, used 274054K [0x0000000080000000, 0x0000000100000000)
  region size 1024K, 1 young (1024K), 1 survivors (1024K)
 Metaspace       used 140279K, capacity 145509K, committed 145664K, reserved 643072K
  class space    used 17653K, capacity 19642K, committed 19712K, reserved 516096K
}
Event: 342.543 GC heap before
{Heap before GC invocations=156 (full 0):
 garbage-first heap   total 328704K, used 289414K [0x0000000080000000, 0x0000000100000000)
  region size 1024K, 16 young (16384K), 1 survivors (1024K)
 Metaspace       used 140416K, capacity 145605K, committed 145920K, reserved 643072K
  class space    used 17662K, capacity 19652K, committed 19712K, reserved 516096K
}
Event: 342.551 GC heap after
{Heap after GC invocations=157 (full 0):
 garbage-first heap   total 328704K, used 276320K [0x0000000080000000, 0x0000000100000000)
  region size 1024K, 2 young (2048K), 2 survivors (2048K)
 Metaspace       used 140416K, capacity 145605K, committed 145920K, reserved 643072K
  class space    used 17662K, capacity 19652K, committed 19712K, reserved 516096K
}

Deoptimization events (10 events):
Event: 341.571 Thread 0x000002540aff2800 Uncommon trap: reason=bimorphic_or_optimized_type_check action=maybe_recompile pc=0x00000254760ad4dc method=com.sun.tools.javac.code.Types.capture(Lcom/sun/tools/javac/code/Type;)Lcom/sun/tools/javac/code/Type; @ 108 c2
Event: 341.609 Thread 0x000002540aff2800 Uncommon trap: reason=class_check action=maybe_recompile pc=0x00000254760a822c method=com.sun.tools.javac.jvm.Pool.makePoolValue(Ljava/lang/Object;)Ljava/lang/Object; @ 58 c2
Event: 341.746 Thread 0x000002540aff2800 Uncommon trap: reason=unstable_if action=reinterpret pc=0x00000254765fbdfc method=com.sun.tools.javac.code.Types.isSubtypeUncheckedInternal(Lcom/sun/tools/javac/code/Type;Lcom/sun/tools/javac/code/Type;ZLcom/sun/tools/javac/util/Warner;)Z @ 129 c2
Event: 341.940 Thread 0x000002540aff2800 Uncommon trap: reason=bimorphic_or_optimized_type_check action=maybe_recompile pc=0x00000254760ad4dc method=com.sun.tools.javac.code.Types.capture(Lcom/sun/tools/javac/code/Type;)Lcom/sun/tools/javac/code/Type; @ 108 c2
Event: 341.952 Thread 0x000002540aff2800 Uncommon trap: reason=class_check action=maybe_recompile pc=0x00000254760a822c method=com.sun.tools.javac.jvm.Pool.makePoolValue(Ljava/lang/Object;)Ljava/lang/Object; @ 58 c2
Event: 341.966 Thread 0x000002540aff2800 Uncommon trap: reason=unstable_if action=reinterpret pc=0x0000025476074a28 method=com.sun.tools.javac.code.Types$Subst.<init>(Lcom/sun/tools/javac/code/Types;Lcom/sun/tools/javac/util/List;Lcom/sun/tools/javac/util/List;)V @ 25 c2
Event: 341.966 Thread 0x000002540aff2800 Uncommon trap: reason=unstable_if action=reinterpret pc=0x0000025475e62fc4 method=com.sun.tools.javac.code.Types$Subst.<init>(Lcom/sun/tools/javac/code/Types;Lcom/sun/tools/javac/util/List;Lcom/sun/tools/javac/util/List;)V @ 25 c2
Event: 342.644 Thread 0x000002540553c800 Uncommon trap: reason=class_check action=maybe_recompile pc=0x0000025476151264 method=java.util.AbstractList.hashCode()I @ 3 c2
Event: 342.868 Thread 0x000002540553c800 Uncommon trap: reason=unstable_if action=reinterpret pc=0x0000025475c1539c method=com.sun.tools.javac.parser.JavaTokenizer.readToken()Lcom/sun/tools/javac/parser/Tokens$Token; @ 39 c2
Event: 342.877 Thread 0x000002540553c800 Uncommon trap: reason=unstable_if action=reinterpret pc=0x0000025476450244 method=java.lang.Long.parseLong(Ljava/lang/String;I)J @ 120 c2

Classes redefined (0 events):
No events

Internal exceptions (10 events):
Event: 342.440 Thread 0x000002540aff3800 Exception <a 'sun/nio/fs/WindowsException'{0x0000000093249cb0}> (0x0000000093249cb0) thrown at [./open/src/hotspot/share/prims/jni.cpp, line 611]
Event: 342.440 Thread 0x000002540aff3800 Exception <a 'sun/nio/fs/WindowsException'{0x000000009324a0c0}> (0x000000009324a0c0) thrown at [./open/src/hotspot/share/prims/jni.cpp, line 611]
Event: 342.448 Thread 0x000002540553c800 Exception <a 'sun/nio/fs/WindowsException'{0x000000009326dc88}> (0x000000009326dc88) thrown at [./open/src/hotspot/share/prims/jni.cpp, line 611]
Event: 342.448 Thread 0x000002540553c800 Exception <a 'sun/nio/fs/WindowsException'{0x00000000932b62a8}> (0x00000000932b62a8) thrown at [./open/src/hotspot/share/prims/jni.cpp, line 611]
Event: 342.450 Thread 0x000002540aff7800 Exception <a 'sun/nio/fs/WindowsException'{0x0000000093246f40}> (0x0000000093246f40) thrown at [./open/src/hotspot/share/prims/jni.cpp, line 611]
Event: 342.515 Thread 0x000002540afec000 Exception <a 'sun/nio/fs/WindowsException'{0x00000000931aaff0}> (0x00000000931aaff0) thrown at [./open/src/hotspot/share/prims/jni.cpp, line 611]
Event: 342.515 Thread 0x000002540afec000 Exception <a 'sun/nio/fs/WindowsException'{0x00000000931ac148}> (0x00000000931ac148) thrown at [./open/src/hotspot/share/prims/jni.cpp, line 611]
Event: 342.523 Thread 0x000002540aff7800 Exception <a 'sun/nio/fs/WindowsException'{0x00000000931af878}> (0x00000000931af878) thrown at [./open/src/hotspot/share/prims/jni.cpp, line 611]
Event: 342.892 Thread 0x000002540553c800 Exception <a 'sun/nio/fs/WindowsException'{0x0000000093812c68}> (0x0000000093812c68) thrown at [./open/src/hotspot/share/prims/jni.cpp, line 611]
Event: 342.892 Thread 0x000002540553c800 Exception <a 'sun/nio/fs/WindowsException'{0x0000000093812e98}> (0x0000000093812e98) thrown at [./open/src/hotspot/share/prims/jni.cpp, line 611]

Events (10 events):
Event: 342.868 Thread 0x000002540553c800 Uncommon trap: trap_request=0xffffff4d fr.pc=0x0000025475c1539c relative=0x0000000000004d1c
Event: 342.869 Thread 0x000002540553c800 DEOPT PACKING pc=0x0000025475c1539c sp=0x000000b9eb0f5560
Event: 342.869 Thread 0x000002540553c800 DEOPT UNPACKING pc=0x000002546de7662f sp=0x000000b9eb0f5538 mode 2
Event: 342.877 Thread 0x000002540553c800 Uncommon trap: trap_request=0xffffff4d fr.pc=0x0000025476450244 relative=0x0000000000000684
Event: 342.877 Thread 0x000002540553c800 DEOPT PACKING pc=0x0000025476450244 sp=0x000000b9eb0f47a0
Event: 342.877 Thread 0x000002540553c800 DEOPT UNPACKING pc=0x000002546de7662f sp=0x000000b9eb0f4700 mode 2
Event: 342.882 Thread 0x000002540553c800 DEOPT PACKING pc=0x000002546e701bc5 sp=0x000000b9eb0f61b0
Event: 342.882 Thread 0x000002540553c800 DEOPT UNPACKING pc=0x000002546de76dde sp=0x000000b9eb0f5658 mode 0
Event: 342.887 Thread 0x000002540553c800 DEOPT PACKING pc=0x000002546e701bc5 sp=0x000000b9eb0f61b0
Event: 342.887 Thread 0x000002540553c800 DEOPT UNPACKING pc=0x000002546de76dde sp=0x000000b9eb0f5658 mode 0


Dynamic libraries:
0x00007ff677750000 - 0x00007ff677760000 	C:\Program Files\Java\jdk-11\bin\java.exe
0x00007ffdb18d0000 - 0x00007ffdb1ac8000 	C:\Windows\SYSTEM32\ntdll.dll
0x00007ffdb0010000 - 0x00007ffdb00cf000 	C:\Windows\System32\KERNEL32.DLL
0x00007ffdaf5a0000 - 0x00007ffdaf896000 	C:\Windows\System32\KERNELBASE.dll
0x00007ffdaf270000 - 0x00007ffdaf370000 	C:\Windows\System32\ucrtbase.dll
0x00007ffd8af20000 - 0x00007ffd8af3b000 	C:\Program Files\Java\jdk-11\bin\VCRUNTIME140.dll
0x00007ffd8c880000 - 0x00007ffd8c898000 	C:\Program Files\Java\jdk-11\bin\jli.dll
0x00007ffdb0550000 - 0x00007ffdb05ff000 	C:\Windows\System32\ADVAPI32.dll
0x00007ffdafdc0000 - 0x00007ffdafe5e000 	C:\Windows\System32\msvcrt.dll
0x00007ffdb1790000 - 0x00007ffdb182c000 	C:\Windows\System32\sechost.dll
0x00007ffdb0420000 - 0x00007ffdb0546000 	C:\Windows\System32\RPCRT4.dll
0x00007ffdafe70000 - 0x00007ffdb000d000 	C:\Windows\System32\USER32.dll
0x00007ffdaf370000 - 0x00007ffdaf392000 	C:\Windows\System32\win32u.dll
0x00007ffdb03f0000 - 0x00007ffdb041c000 	C:\Windows\System32\GDI32.dll
0x00007ffdaf480000 - 0x00007ffdaf595000 	C:\Windows\System32\gdi32full.dll
0x00007ffdaefb0000 - 0x00007ffdaf04d000 	C:\Windows\System32\msvcp_win.dll
0x00007ffd959f0000 - 0x00007ffd95c8a000 	C:\Windows\WinSxS\amd64_microsoft.windows.common-controls_6595b64144ccf1df_6.0.19041.1110_none_60b5254171f9507e\COMCTL32.dll
0x00007ffda5a60000 - 0x00007ffda5a6a000 	C:\Windows\SYSTEM32\VERSION.dll
0x00007ffdb1010000 - 0x00007ffdb1040000 	C:\Windows\System32\IMM32.DLL
0x00007ffda5e40000 - 0x00007ffda5e4c000 	C:\Program Files\Java\jdk-11\bin\vcruntime140_1.dll
0x00007ffd7cf20000 - 0x00007ffd7cfae000 	C:\Program Files\Java\jdk-11\bin\msvcp140.dll
0x00007ffd383b0000 - 0x00007ffd38f18000 	C:\Program Files\Java\jdk-11\bin\server\jvm.dll
0x00007ffdb0830000 - 0x00007ffdb0838000 	C:\Windows\System32\PSAPI.DLL
0x00007ffd95030000 - 0x00007ffd95039000 	C:\Windows\SYSTEM32\WSOCK32.dll
0x00007ffdb02a0000 - 0x00007ffdb030b000 	C:\Windows\System32\WS2_32.dll
0x00007ffd912b0000 - 0x00007ffd912d7000 	C:\Windows\SYSTEM32\WINMM.dll
0x00007ffdad7f0000 - 0x00007ffdad802000 	C:\Windows\SYSTEM32\kernel.appcore.dll
0x00007ffd96d00000 - 0x00007ffd96d10000 	C:\Program Files\Java\jdk-11\bin\verify.dll
0x00007ffda7290000 - 0x00007ffda7474000 	C:\Windows\SYSTEM32\DBGHELP.DLL
0x00007ffd94950000 - 0x00007ffd94984000 	C:\Windows\SYSTEM32\dbgcore.DLL
0x00007ffdaf8a0000 - 0x00007ffdaf922000 	C:\Windows\System32\bcryptPrimitives.dll
0x00007ffd8adb0000 - 0x00007ffd8add8000 	C:\Program Files\Java\jdk-11\bin\java.dll
0x00007ffd95cd0000 - 0x00007ffd95cda000 	C:\Program Files\Java\jdk-11\bin\jimage.dll
0x00007ffd8ae90000 - 0x00007ffd8aea7000 	C:\Program Files\Java\jdk-11\bin\zip.dll
0x00007ffdb1040000 - 0x00007ffdb1784000 	C:\Windows\System32\SHELL32.dll
0x00007ffdacf40000 - 0x00007ffdad6d3000 	C:\Windows\SYSTEM32\windows.storage.dll
0x00007ffdb0840000 - 0x00007ffdb0b94000 	C:\Windows\System32\combase.dll
0x00007ffdae840000 - 0x00007ffdae86e000 	C:\Windows\SYSTEM32\Wldp.dll
0x00007ffdb01f0000 - 0x00007ffdb029d000 	C:\Windows\System32\SHCORE.dll
0x00007ffdafaf0000 - 0x00007ffdafb45000 	C:\Windows\System32\shlwapi.dll
0x00007ffdaeee0000 - 0x00007ffdaef05000 	C:\Windows\SYSTEM32\profapi.dll
0x00007ffd886d0000 - 0x00007ffd886e9000 	C:\Program Files\Java\jdk-11\bin\net.dll
0x00007ffda42e0000 - 0x00007ffda43ea000 	C:\Windows\SYSTEM32\WINHTTP.dll
0x00007ffdae620000 - 0x00007ffdae68a000 	C:\Windows\system32\mswsock.dll
0x00007ffd87760000 - 0x00007ffd87772000 	C:\Program Files\Java\jdk-11\bin\nio.dll
0x00007ffd8ae10000 - 0x00007ffd8ae37000 	C:\Users\Administrator\.gradle\native\e1d6ef7f7dcc3fd88c89a11ec53ec762bb8ba0a96d01ffa2cd45eb1d1d8dd5c5\windows-amd64\native-platform.dll
0x00007ffd6eca0000 - 0x00007ffd6ede4000 	C:\Users\Administrator\.gradle\native\5664cfc778a61ccfe75a443a1ab52a65af34e5dc3c78e0209fed803814484fcb\windows-amd64\native-platform-file-events.dll
0x00007ffd8feb0000 - 0x00007ffd8feb9000 	C:\Program Files\Java\jdk-11\bin\management.dll
0x00007ffd8fab0000 - 0x00007ffd8fabb000 	C:\Program Files\Java\jdk-11\bin\management_ext.dll
0x00007ffdaeb80000 - 0x00007ffdaeb98000 	C:\Windows\SYSTEM32\CRYPTSP.dll
0x00007ffdadf50000 - 0x00007ffdadf84000 	C:\Windows\system32\rsaenh.dll
0x00007ffdaf450000 - 0x00007ffdaf477000 	C:\Windows\System32\bcrypt.dll
0x00007ffdaee60000 - 0x00007ffdaee8e000 	C:\Windows\SYSTEM32\USERENV.dll
0x00007ffdae7b0000 - 0x00007ffdae7bc000 	C:\Windows\SYSTEM32\CRYPTBASE.dll
0x00007ffdae330000 - 0x00007ffdae36b000 	C:\Windows\SYSTEM32\IPHLPAPI.DLL
0x00007ffdafe60000 - 0x00007ffdafe68000 	C:\Windows\System32\NSI.dll
0x00007ffda49d0000 - 0x00007ffda49e7000 	C:\Windows\SYSTEM32\dhcpcsvc6.DLL
0x00007ffda49b0000 - 0x00007ffda49cd000 	C:\Windows\SYSTEM32\dhcpcsvc.DLL
0x00007ffdae370000 - 0x00007ffdae43a000 	C:\Windows\SYSTEM32\DNSAPI.dll
0x00007ffd95fe0000 - 0x00007ffd96007000 	C:\Program Files\Java\jdk-11\bin\sunec.dll
0x00007ffda3b10000 - 0x00007ffda3b1a000 	C:\Windows\System32\rasadhlp.dll
0x00007ffda3f90000 - 0x00007ffda4012000 	C:\Windows\System32\fwpuclnt.dll
0x00007ffda7000000 - 0x00007ffda700d000 	C:\Program Files\Java\jdk-11\bin\sunmscapi.dll
0x00007ffdaf0c0000 - 0x00007ffdaf21e000 	C:\Windows\System32\CRYPT32.dll
0x00007ffdae8b0000 - 0x00007ffdae8d8000 	C:\Windows\SYSTEM32\ncrypt.dll
0x00007ffdae870000 - 0x00007ffdae8ab000 	C:\Windows\SYSTEM32\NTASN1.dll
0x00007ffdae070000 - 0x00007ffdae0a3000 	C:\Windows\SYSTEM32\ntmarta.dll

dbghelp: loaded successfully - version: 4.0.5 - missing functions: none
symbol engine: initialized successfully - sym options: 0x614 - pdb path: .;C:\Program Files\Java\jdk-11\bin;C:\Windows\SYSTEM32;C:\Windows\WinSxS\amd64_microsoft.windows.common-controls_6595b64144ccf1df_6.0.19041.1110_none_60b5254171f9507e;C:\Program Files\Java\jdk-11\bin\server;C:\Users\Administrator\.gradle\native\e1d6ef7f7dcc3fd88c89a11ec53ec762bb8ba0a96d01ffa2cd45eb1d1d8dd5c5\windows-amd64;C:\Users\Administrator\.gradle\native\5664cfc778a61ccfe75a443a1ab52a65af34e5dc3c78e0209fed803814484fcb\windows-amd64

VM Arguments:
jvm_args: -XX:MaxMetaspaceSize=512m --add-opens=java.base/java.util=ALL-UNNAMED --add-opens=java.base/java.lang=ALL-UNNAMED --add-opens=java.base/java.lang.invoke=ALL-UNNAMED --add-opens=java.base/java.util=ALL-UNNAMED --add-opens=java.prefs/java.util.prefs=ALL-UNNAMED --add-opens=java.prefs/java.util.prefs=ALL-UNNAMED --add-opens=java.base/java.nio.charset=ALL-UNNAMED --add-opens=java.base/java.net=ALL-UNNAMED --add-opens=java.base/java.util.concurrent.atomic=ALL-UNNAMED -Xmx2048m -Dfile.encoding=windows-1252 -Duser.country=US -Duser.language=en -Duser.variant 
java_command: org.gradle.launcher.daemon.bootstrap.GradleDaemon 7.3.3
java_class_path (initial): C:\Users\Administrator\.gradle\wrapper\dists\gradle-7.3.3-all\4295vidhdd9hd3gbjyw1xqxpo\gradle-7.3.3\lib\gradle-launcher-7.3.3.jar
Launcher Type: SUN_STANDARD

[Global flags]
     intx CICompilerCount                          = 3                                         {product} {ergonomic}
   size_t CompressedClassSpaceSize                 = 528482304                                 {product} {ergonomic}
     uint ConcGCThreads                            = 1                                         {product} {ergonomic}
     uint G1ConcRefinementThreads                  = 4                                         {product} {ergonomic}
   size_t G1HeapRegionSize                         = 1048576                                   {product} {ergonomic}
    uintx GCDrainStackTargetSize                   = 64                                        {product} {ergonomic}
   size_t InitialHeapSize                          = 134217728                                 {product} {ergonomic}
   size_t MarkStackSize                            = 4194304                                   {product} {ergonomic}
   size_t MaxHeapSize                              = 2147483648                                {product} {command line}
   size_t MaxMetaspaceSize                         = 536870912                                 {product} {command line}
   size_t MaxNewSize                               = 1287651328                                {product} {ergonomic}
   size_t MinHeapDeltaBytes                        = 1048576                                   {product} {ergonomic}
    uintx NonNMethodCodeHeapSize                   = 5830732                                {pd product} {ergonomic}
    uintx NonProfiledCodeHeapSize                  = 122913754                              {pd product} {ergonomic}
    uintx ProfiledCodeHeapSize                     = 122913754                              {pd product} {ergonomic}
    uintx ReservedCodeCacheSize                    = 251658240                              {pd product} {ergonomic}
     bool SegmentedCodeCache                       = true                                      {product} {ergonomic}
     bool UseCompressedClassPointers               = true                                 {lp64_product} {ergonomic}
     bool UseCompressedOops                        = true                                 {lp64_product} {ergonomic}
     bool UseG1GC                                  = true                                      {product} {ergonomic}
     bool UseLargePagesIndividualAllocation        = false                                  {pd product} {ergonomic}

Logging:
Log output configuration:
 #0: stdout all=warning uptime,level,tags
 #1: stderr all=off uptime,level,tags

Environment Variables:
JAVA_HOME=C:\Program Files\Java\jdk-11
CLASSPATH=E:\have-fun\android\\gradle\wrapper\gradle-wrapper.jar
PATH=E:\have-fun\android\node_modules\.bin;E:\have-fun\node_modules\.bin;E:\node_modules\.bin;C:\Program Files\nodejs;C:\Users\ADMINI~1\AppData\Local\Temp\yarn--1697230535786-0.9931036298551277;E:\have-fun\node_modules\.bin;C:\Users\Administrator\AppData\Local\Yarn\Data\link\node_modules\.bin;C:\Users\Administrator\AppData\Local\Yarn\bin;C:\Program Files\libexec\lib\node_modules\npm\bin\node-gyp-bin;C:\Program Files\lib\node_modules\npm\bin\node-gyp-bin;C:\Program Files\nodejs\node_modules\npm\bin\node-gyp-bin;C:\Ruby32-x64\bin;C:\Program Files\Common Files\Oracle\Java\javapath;C:\Windows\system32;C:\Windows;C:\Windows\System32\Wbem;C:\Windows\System32\WindowsPowerShell\v1.0\;C:\Windows\System32\OpenSSH\;C:\Program Files\nodejs\;C:\ProgramData\chocolatey\bin;C:\Users\Administrator\AppData\Local\Android\Sdk\platform-tools;C:\Program Files\Java\jdk-11;D:\Git\cmd;C:\Users\Administrator\AppData\Local\Microsoft\WindowsApps;C:\Users\Administrator\AppData\Local\Programs\Microsoft VS Code\bin;C:\Users\Administrator\AppData\Roaming\npm;C:\Users\Administrator\AppData\Local\GitHubDesktop\bin;C:\Users\Administrator\AppData\Local\Android\Sdk\platform-tools;C:\Program Files\Java\jdk-11;
USERNAME=Fast Computers
OS=Windows_NT
PROCESSOR_IDENTIFIER=Intel64 Family 6 Model 142 Stepping 9, GenuineIntel



---------------  S Y S T E M  ---------------

OS: Windows 10 , 64 bit Build 19041 (10.0.19041.3155)
Hyper-V role detected

CPU:total 4 (initial active 4) (2 cores per cpu, 2 threads per core) family 6 model 142 stepping 9 microcode 0xb4, cmov, cx8, fxsr, mmx, sse, sse2, sse3, ssse3, sse4.1, sse4.2, popcnt, avx, avx2, aes, clmul, erms, rtm, 3dnowpref, lzcnt, ht, tsc, tscinvbit, bmi1, bmi2, adx, fma

Memory: 4k page, system-wide physical 8071M (352M free)
TotalPageFile size 15438M (AvailPageFile size 2M)
current process WorkingSet (physical memory assigned to process): 630M, peak: 630M
current process commit charge ("private bytes"): 752M, peak: 757M

vm_info: Java HotSpot(TM) 64-Bit Server VM (11.0.18+9-LTS-195) for windows-amd64 JRE (11.0.18+9-LTS-195), built on Dec  6 2022 15:50:58 by "mach5one" with MS VC++ 17.1 (VS2022)

END.
